2026-02-20 20:55:33,028 CRIT Supervisor is running as root.  Privileges were not dropped because no user is specified in the config file.  If you intend to run as root, you can set user=root in the config file to avoid this message.
2026-02-20 20:55:33,030 INFO supervisord started with pid 1
2026-02-20 20:55:34,034 INFO spawned: 'nginx' with pid 9
2026-02-20 20:55:34,037 INFO spawned: 'php-fpm' with pid 10
2026-02-20 20:55:34,039 INFO spawned: 'reverb' with pid 11
2026-02-20 20:55:34,083 WARN exited: reverb (exit status 1; not expected)
2026-02-20 20:55:35,098 INFO success: nginx entered RUNNING state, process has stayed up for > than 1 seconds (startsecs)
2026-02-20 20:55:35,098 INFO success: php-fpm entered RUNNING state, process has stayed up for > than 1 seconds (startsecs)
2026-02-20 20:55:35,103 INFO spawned: 'reverb' with pid 25
2026-02-20 20:55:36,144 INFO success: reverb entered RUNNING state, process has stayed up for > than 1 seconds (startsecs)
2026-02-20 20:55:36,145 WARN exited: reverb (exit status 1; not expected)
2026-02-20 20:55:37,155 INFO spawned: 'reverb' with pid 26
2026-02-20 20:55:38,206 INFO success: reverb entered RUNNING state, process has stayed up for > than 1 seconds (startsecs)
2026-02-20 20:55:38,207 WARN exited: reverb (exit status 1; not expected)
2026-02-20 20:55:39,214 INFO spawned: 'reverb' with pid 27
2026-02-20 20:55:40,246 INFO success: reverb entered RUNNING state, process has stayed up for > than 1 seconds (startsecs)
2026-02-20 20:55:40,248 WARN exited: reverb (exit status 1; not expected)
2026-02-20 20:55:41,259 INFO spawned: 'reverb' with pid 28
2026-02-20 20:55:41,302 WARN exited: reverb (exit status 1; not expected)
2026-02-20 20:55:42,310 INFO spawned: 'reverb' with pid 29
2026-02-20 20:55:43,358 INFO success: reverb entered RUNNING state, process has stayed up for > than 1 seconds (startsecs)
2026-02-20 20:55:43,359 WARN exited: reverb (exit status 1; not expected)
2026-02-20 20:55:44,370 INFO spawned: 'reverb' with pid 30
2026-02-20 20:55:45,416 INFO success: reverb entered RUNNING state, process has stayed up for > than 1 seconds (startsecs)
2026-02-20 20:55:45,417 WARN exited: reverb (exit status 1; not expected)
2026-02-20 20:55:46,426 INFO spawned: 'reverb' with pid 31
2026-02-20 20:55:47,470 INFO success: reverb entered RUNNING state, process has stayed up for > than 1 seconds (startsecs)
2026-02-20 20:55:47,472 WARN exited: reverb (exit status 1; not expected)
2026-02-20 20:55:48,483 INFO spawned: 'reverb' with pid 32
2026-02-20 20:55:49,531 INFO success: reverb entered RUNNING state, process has stayed up for > than 1 seconds (startsecs)
2026-02-20 20:55:49,533 WARN exited: reverb (exit status 1; not expected)
2026-02-20 20:55:50,543 INFO spawned: 'reverb' with pid 33
2026-02-20 20:55:51,587 INFO success: reverb entered RUNNING state, process has stayed up for > than 1 seconds (startsecs)
2026-02-20 20:55:51,588 WARN exited: reverb (exit status 1; not expected)
2026-02-20 20:55:52,600 INFO spawned: 'reverb' with pid 34
2026-02-20 20:55:53,652 INFO success: reverb entered RUNNING state, process has stayed up for > than 1 seconds (startsecs)
2026-02-20 20:55:53,654 WARN exited: reverb (exit status 1; not expected)
2026-02-20 20:55:54,661 INFO spawned: 'reverb' with pid 35
2026-02-20 20:55:55,713 INFO success: reverb entered RUNNING state, process has stayed up for > than 1 seconds (startsecs)
2026-02-20 20:55:55,714 WARN exited: reverb (exit status 1; not expected)
2026-02-20 20:55:56,718 INFO spawned: 'reverb' with pid 36
2026-02-20 20:55:57,755 INFO success: reverb entered RUNNING state, process has stayed up for > than 1 seconds (startsecs)
2026-02-20 20:55:57,756 WARN exited: reverb (exit status 1; not expected)
2026-02-20 20:55:58,767 INFO spawned: 'reverb' with pid 37
2026-02-20 20:55:59,819 INFO success: reverb entered RUNNING state, process has stayed up for > than 1 seconds (startsecs)
2026-02-20 20:55:59,820 WARN exited: reverb (exit status 1; not expected)
2026-02-20 20:56:00,827 INFO spawned: 'reverb' with pid 38
2026-02-20 20:56:01,870 INFO success: reverb entered RUNNING state, process has stayed up for > than 1 seconds (startsecs)
2026-02-20 20:56:01,871 WARN exited: reverb (exit status 1; not expected)
2026-02-20 20:56:02,877 INFO spawned: 'reverb' with pid 45
2026-02-20 20:56:03,909 INFO success: reverb entered RUNNING state, process has stayed up for > than 1 seconds (startsecs)
2026-02-20 20:56:03,909 WARN exited: reverb (exit status 1; not expected)
2026-02-20 20:56:04,920 INFO spawned: 'reverb' with pid 46
2026-02-20 20:56:05,967 INFO success: reverb entered RUNNING state, process has stayed up for > than 1 seconds (startsecs)
2026-02-20 20:56:05,969 WARN exited: reverb (exit status 1; not expected)
2026-02-20 20:56:06,981 INFO spawned: 'reverb' with pid 47
2026-02-20 20:56:08,033 INFO success: reverb entered RUNNING state, process has stayed up for > than 1 seconds (startsecs)
2026-02-20 20:56:08,034 WARN exited: reverb (exit status 1; not expected)
2026-02-20 20:56:09,043 INFO spawned: 'reverb' with pid 48
2026-02-20 20:56:10,085 INFO success: reverb entered RUNNING state, process has stayed up for > than 1 seconds (startsecs)
2026-02-20 20:56:10,086 WARN exited: reverb (exit status 1; not expected)
2026-02-20 20:56:11,097 INFO spawned: 'reverb' with pid 49
2026-02-20 20:56:12,150 INFO success: reverb entered RUNNING state, process has stayed up for > than 1 seconds (startsecs)
2026-02-20 20:56:12,151 WARN exited: reverb (exit status 1; not expected)
2026-02-20 20:56:13,172 INFO spawned: 'reverb' with pid 50
2026-02-20 20:56:14,216 INFO success: reverb entered RUNNING state, process has stayed up for > than 1 seconds (startsecs)
2026-02-20 20:56:14,217 WARN exited: reverb (exit status 1; not expected)
2026-02-20 20:56:15,229 INFO spawned: 'reverb' with pid 51
2026-02-20 20:56:16,274 INFO success: reverb entered RUNNING state, process has stayed up for > than 1 seconds (startsecs)
2026-02-20 20:56:16,274 WARN exited: reverb (exit status 1; not expected)
2026-02-20 20:56:17,281 INFO spawned: 'reverb' with pid 52
2026-02-20 20:56:18,332 INFO success: reverb entered RUNNING state, process has stayed up for > than 1 seconds (startsecs)
2026-02-20 20:56:18,334 WARN exited: reverb (exit status 1; not expected)
2026-02-20 20:56:19,351 INFO spawned: 'reverb' with pid 53
2026-02-20 20:56:20,399 INFO success: reverb entered RUNNING state, process has stayed up for > than 1 seconds (startsecs)
2026-02-20 20:56:20,399 WARN exited: reverb (exit status 1; not expected)
2026-02-20 20:56:21,410 INFO spawned: 'reverb' with pid 54
2026-02-20 20:56:22,459 INFO success: reverb entered RUNNING state, process has stayed up for > than 1 seconds (startsecs)
2026-02-20 20:56:22,459 WARN exited: reverb (exit status 1; not expected)
2026-02-20 20:56:23,469 INFO spawned: 'reverb' with pid 55
2026-02-20 20:56:24,517 INFO success: reverb entered RUNNING state, process has stayed up for > than 1 seconds (startsecs)
2026-02-20 20:56:24,518 WARN exited: reverb (exit status 1; not expected)
2026-02-20 20:56:25,523 INFO spawned: 'reverb' with pid 56
2026-02-20 20:56:26,558 INFO success: reverb entered RUNNING state, process has stayed up for > than 1 seconds (startsecs)
2026-02-20 20:56:26,559 WARN exited: reverb (exit status 1; not expected)
2026-02-20 20:56:27,564 INFO spawned: 'reverb' with pid 57
2026-02-20 20:56:28,604 INFO success: reverb entered RUNNING state, process has stayed up for > than 1 seconds (startsecs)
2026-02-20 20:56:28,605 WARN exited: reverb (exit status 1; not expected)
2026-02-20 20:56:29,612 INFO spawned: 'reverb' with pid 58
2026-02-20 20:56:30,662 INFO success: reverb entered RUNNING state, process has stayed up for > than 1 seconds (startsecs)
2026-02-20 20:56:30,663 WARN exited: reverb (exit status 1; not expected)
2026-02-20 20:56:31,673 INFO spawned: 'reverb' with pid 59
2026-02-20 20:56:32,721 INFO success: reverb entered RUNNING state, process has stayed up for > than 1 seconds (startsecs)
2026-02-20 20:56:32,721 WARN exited: reverb (exit status 1; not expected)
2026-02-20 20:56:33,733 INFO spawned: 'reverb' with pid 60
2026-02-20 20:56:34,775 INFO success: reverb entered RUNNING state, process has stayed up for > than 1 seconds (startsecs)
2026-02-20 20:56:34,776 WARN exited: reverb (exit status 1; not expected)
2026-02-20 20:56:35,788 INFO spawned: 'reverb' with pid 61
2026-02-20 20:56:36,838 INFO success: reverb entered RUNNING state, process has stayed up for > than 1 seconds (startsecs)
2026-02-20 20:56:36,839 WARN exited: reverb (exit status 1; not expected)
2026-02-20 20:56:37,850 INFO spawned: 'reverb' with pid 62
2026-02-20 20:56:38,889 INFO success: reverb entered RUNNING state, process has stayed up for > than 1 seconds (startsecs)
2026-02-20 20:56:38,890 WARN exited: reverb (exit status 1; not expected)
2026-02-20 20:56:39,899 INFO spawned: 'reverb' with pid 63
2026-02-20 20:56:40,938 INFO success: reverb entered RUNNING state, process has stayed up for > than 1 seconds (startsecs)
2026-02-20 20:56:40,939 WARN exited: reverb (exit status 1; not expected)
2026-02-20 20:56:41,946 INFO spawned: 'reverb' with pid 64
2026-02-20 20:56:42,998 INFO success: reverb entered RUNNING state, process has stayed up for > than 1 seconds (startsecs)
2026-02-20 20:56:43,004 WARN exited: reverb (exit status 1; not expected)
2026-02-20 20:56:44,011 INFO spawned: 'reverb' with pid 65
2026-02-20 20:56:45,069 INFO success: reverb entered RUNNING state, process has stayed up for > than 1 seconds (startsecs)
2026-02-20 20:56:45,070 WARN exited: reverb (exit status 1; not expected)
2026-02-20 20:56:46,079 INFO spawned: 'reverb' with pid 66
2026-02-20 20:56:47,121 INFO success: reverb entered RUNNING state, process has stayed up for > than 1 seconds (startsecs)
2026-02-20 20:56:47,121 WARN exited: reverb (exit status 1; not expected)
2026-02-20 20:56:48,130 INFO spawned: 'reverb' with pid 67
2026-02-20 20:56:49,170 INFO success: reverb entered RUNNING state, process has stayed up for > than 1 seconds (startsecs)
2026-02-20 20:56:49,171 WARN exited: reverb (exit status 1; not expected)
2026-02-20 20:56:50,183 INFO spawned: 'reverb' with pid 68
2026-02-20 20:56:51,238 INFO success: reverb entered RUNNING state, process has stayed up for > than 1 seconds (startsecs)
2026-02-20 20:56:51,239 WARN exited: reverb (exit status 1; not expected)
2026-02-20 20:56:52,246 INFO spawned: 'reverb' with pid 69
2026-02-20 20:56:53,295 INFO success: reverb entered RUNNING state, process has stayed up for > than 1 seconds (startsecs)
2026-02-20 20:56:53,296 WARN exited: reverb (exit status 1; not expected)
2026-02-20 20:56:54,308 INFO spawned: 'reverb' with pid 70
2026-02-20 20:56:55,357 INFO success: reverb entered RUNNING state, process has stayed up for > than 1 seconds (startsecs)
2026-02-20 20:56:55,358 WARN exited: reverb (exit status 1; not expected)
2026-02-20 20:56:56,366 INFO spawned: 'reverb' with pid 71
2026-02-20 20:56:57,412 INFO success: reverb entered RUNNING state, process has stayed up for > than 1 seconds (startsecs)
2026-02-20 20:56:57,413 WARN exited: reverb (exit status 1; not expected)
2026-02-20 20:56:58,425 INFO spawned: 'reverb' with pid 72
2026-02-20 20:56:59,481 INFO success: reverb entered RUNNING state, process has stayed up for > than 1 seconds (startsecs)
2026-02-20 20:56:59,484 WARN exited: reverb (exit status 1; not expected)
2026-02-20 20:57:00,498 INFO spawned: 'reverb' with pid 73
2026-02-20 20:57:01,545 INFO success: reverb entered RUNNING state, process has stayed up for > than 1 seconds (startsecs)
2026-02-20 20:57:01,546 WARN exited: reverb (exit status 1; not expected)
2026-02-20 20:57:02,555 INFO spawned: 'reverb' with pid 74
2026-02-20 20:57:03,609 INFO success: reverb entered RUNNING state, process has stayed up for > than 1 seconds (startsecs)
2026-02-20 20:57:03,611 WARN exited: reverb (exit status 1; not expected)
2026-02-20 20:57:04,624 INFO spawned: 'reverb' with pid 75
2026-02-20 20:57:05,684 INFO success: reverb entered RUNNING state, process has stayed up for > than 1 seconds (startsecs)
2026-02-20 20:57:05,685 WARN exited: reverb (exit status 1; not expected)
2026-02-20 20:57:06,693 INFO spawned: 'reverb' with pid 76
2026-02-20 20:57:07,729 INFO success: reverb entered RUNNING state, process has stayed up for > than 1 seconds (startsecs)
2026-02-20 20:57:07,730 WARN exited: reverb (exit status 1; not expected)
2026-02-20 20:57:08,738 INFO spawned: 'reverb' with pid 77
2026-02-20 20:57:09,785 INFO success: reverb entered RUNNING state, process has stayed up for > than 1 seconds (startsecs)
2026-02-20 20:57:09,786 WARN exited: reverb (exit status 1; not expected)
2026-02-20 20:57:10,795 INFO spawned: 'reverb' with pid 78
2026-02-20 20:57:11,846 INFO success: reverb entered RUNNING state, process has stayed up for > than 1 seconds (startsecs)
2026-02-20 20:57:11,847 WARN exited: reverb (exit status 1; not expected)
2026-02-20 20:57:12,865 INFO spawned: 'reverb' with pid 79
2026-02-20 20:57:13,909 INFO success: reverb entered RUNNING state, process has stayed up for > than 1 seconds (startsecs)
2026-02-20 20:57:13,910 WARN exited: reverb (exit status 1; not expected)
2026-02-20 20:57:14,918 INFO spawned: 'reverb' with pid 80
2026-02-20 20:57:15,955 INFO success: reverb entered RUNNING state, process has stayed up for > than 1 seconds (startsecs)
2026-02-20 20:57:15,956 WARN exited: reverb (exit status 1; not expected)
2026-02-20 20:57:16,962 INFO spawned: 'reverb' with pid 81
2026-02-20 20:57:17,997 INFO success: reverb entered RUNNING state, process has stayed up for > than 1 seconds (startsecs)
2026-02-20 20:57:17,997 WARN exited: reverb (exit status 1; not expected)
2026-02-20 20:57:19,004 INFO spawned: 'reverb' with pid 82
2026-02-20 20:57:20,037 INFO success: reverb entered RUNNING state, process has stayed up for > than 1 seconds (startsecs)
2026-02-20 20:57:20,038 WARN exited: reverb (exit status 1; not expected)
2026-02-20 20:57:21,045 INFO spawned: 'reverb' with pid 83
2026-02-20 20:57:22,082 INFO success: reverb entered RUNNING state, process has stayed up for > than 1 seconds (startsecs)
2026-02-20 20:57:22,083 WARN exited: reverb (exit status 1; not expected)
2026-02-20 20:57:23,093 INFO spawned: 'reverb' with pid 84
2026-02-20 20:57:24,136 INFO success: reverb entered RUNNING state, process has stayed up for > than 1 seconds (startsecs)
2026-02-20 20:57:24,137 WARN exited: reverb (exit status 1; not expected)
2026-02-20 20:57:25,149 INFO spawned: 'reverb' with pid 85
2026-02-20 20:57:26,191 INFO success: reverb entered RUNNING state, process has stayed up for > than 1 seconds (startsecs)
2026-02-20 20:57:26,192 WARN exited: reverb (exit status 1; not expected)
2026-02-20 20:57:27,204 INFO spawned: 'reverb' with pid 86
2026-02-20 20:57:28,256 INFO success: reverb entered RUNNING state, process has stayed up for > than 1 seconds (startsecs)
2026-02-20 20:57:28,257 WARN exited: reverb (exit status 1; not expected)
2026-02-20 20:57:29,266 INFO spawned: 'reverb' with pid 93
2026-02-20 20:57:30,315 INFO success: reverb entered RUNNING state, process has stayed up for > than 1 seconds (startsecs)
2026-02-20 20:57:30,316 WARN exited: reverb (exit status 1; not expected)
2026-02-20 20:57:31,325 INFO spawned: 'reverb' with pid 94
2026-02-20 20:57:32,373 INFO success: reverb entered RUNNING state, process has stayed up for > than 1 seconds (startsecs)
2026-02-20 20:57:32,374 WARN exited: reverb (exit status 1; not expected)
2026-02-20 20:57:33,387 INFO spawned: 'reverb' with pid 95
2026-02-20 20:57:34,442 INFO success: reverb entered RUNNING state, process has stayed up for > than 1 seconds (startsecs)
2026-02-20 20:57:34,443 WARN exited: reverb (exit status 1; not expected)
2026-02-20 20:57:35,454 INFO spawned: 'reverb' with pid 96
2026-02-20 20:57:36,516 INFO success: reverb entered RUNNING state, process has stayed up for > than 1 seconds (startsecs)
2026-02-20 20:57:36,517 WARN exited: reverb (exit status 1; not expected)
2026-02-20 20:57:37,525 INFO spawned: 'reverb' with pid 97
2026-02-20 20:57:38,564 INFO success: reverb entered RUNNING state, process has stayed up for > than 1 seconds (startsecs)
2026-02-20 20:57:38,565 WARN exited: reverb (exit status 1; not expected)
2026-02-20 20:57:39,568 INFO spawned: 'reverb' with pid 98
2026-02-20 20:57:40,594 INFO success: reverb entered RUNNING state, process has stayed up for > than 1 seconds (startsecs)
2026-02-20 20:57:40,595 WARN exited: reverb (exit status 1; not expected)
2026-02-20 20:57:41,607 INFO spawned: 'reverb' with pid 105
2026-02-20 20:57:42,668 INFO success: reverb entered RUNNING state, process has stayed up for > than 1 seconds (startsecs)
2026-02-20 20:57:42,668 WARN exited: reverb (exit status 1; not expected)
2026-02-20 20:57:43,680 INFO spawned: 'reverb' with pid 106
2026-02-20 20:57:44,724 INFO success: reverb entered RUNNING state, process has stayed up for > than 1 seconds (startsecs)
2026-02-20 20:57:44,724 WARN exited: reverb (exit status 1; not expected)
2026-02-20 20:57:45,734 INFO spawned: 'reverb' with pid 107
2026-02-20 20:57:46,785 INFO success: reverb entered RUNNING state, process has stayed up for > than 1 seconds (startsecs)
2026-02-20 20:57:46,786 WARN exited: reverb (exit status 1; not expected)
2026-02-20 20:57:47,798 INFO spawned: 'reverb' with pid 108
2026-02-20 20:57:48,846 INFO success: reverb entered RUNNING state, process has stayed up for > than 1 seconds (startsecs)
2026-02-20 20:57:48,847 WARN exited: reverb (exit status 1; not expected)
2026-02-20 20:57:49,858 INFO spawned: 'reverb' with pid 109
2026-02-20 20:57:50,910 INFO success: reverb entered RUNNING state, process has stayed up for > than 1 seconds (startsecs)
2026-02-20 20:57:50,911 WARN exited: reverb (exit status 1; not expected)
2026-02-20 20:57:51,923 INFO spawned: 'reverb' with pid 110
2026-02-20 20:57:52,973 INFO success: reverb entered RUNNING state, process has stayed up for > than 1 seconds (startsecs)
2026-02-20 20:57:52,974 WARN exited: reverb (exit status 1; not expected)
2026-02-20 20:57:53,982 INFO spawned: 'reverb' with pid 111
2026-02-20 20:57:55,023 INFO success: reverb entered RUNNING state, process has stayed up for > than 1 seconds (startsecs)
2026-02-20 20:57:55,024 WARN exited: reverb (exit status 1; not expected)
2026-02-20 20:57:56,036 INFO spawned: 'reverb' with pid 112
2026-02-20 20:57:57,086 INFO success: reverb entered RUNNING state, process has stayed up for > than 1 seconds (startsecs)
2026-02-20 20:57:57,087 WARN exited: reverb (exit status 1; not expected)
2026-02-20 20:57:58,097 INFO spawned: 'reverb' with pid 113
2026-02-20 20:57:59,148 INFO success: reverb entered RUNNING state, process has stayed up for > than 1 seconds (startsecs)
2026-02-20 20:57:59,149 WARN exited: reverb (exit status 1; not expected)
2026-02-20 20:58:00,160 INFO spawned: 'reverb' with pid 120
2026-02-20 20:58:01,204 INFO success: reverb entered RUNNING state, process has stayed up for > than 1 seconds (startsecs)
2026-02-20 20:58:01,206 WARN exited: reverb (exit status 1; not expected)
2026-02-20 20:58:02,218 INFO spawned: 'reverb' with pid 122
2026-02-20 20:58:03,267 INFO success: reverb entered RUNNING state, process has stayed up for > than 1 seconds (startsecs)
2026-02-20 20:58:03,268 WARN exited: reverb (exit status 1; not expected)
2026-02-20 20:58:04,281 INFO spawned: 'reverb' with pid 123
2026-02-20 20:58:05,330 INFO success: reverb entered RUNNING state, process has stayed up for > than 1 seconds (startsecs)
2026-02-20 20:58:05,331 WARN exited: reverb (exit status 1; not expected)
2026-02-20 20:58:06,343 INFO spawned: 'reverb' with pid 124
2026-02-20 20:58:07,394 INFO success: reverb entered RUNNING state, process has stayed up for > than 1 seconds (startsecs)
2026-02-20 20:58:07,395 WARN exited: reverb (exit status 1; not expected)
2026-02-20 20:58:08,405 INFO spawned: 'reverb' with pid 125
2026-02-20 20:58:09,453 INFO success: reverb entered RUNNING state, process has stayed up for > than 1 seconds (startsecs)
2026-02-20 20:58:09,454 WARN exited: reverb (exit status 1; not expected)
2026-02-20 20:58:10,463 INFO spawned: 'reverb' with pid 126
2026-02-20 20:58:11,515 INFO success: reverb entered RUNNING state, process has stayed up for > than 1 seconds (startsecs)
2026-02-20 20:58:11,516 WARN exited: reverb (exit status 1; not expected)
2026-02-20 20:58:12,527 INFO spawned: 'reverb' with pid 127
2026-02-20 20:58:13,576 INFO success: reverb entered RUNNING state, process has stayed up for > than 1 seconds (startsecs)
2026-02-20 20:58:13,577 WARN exited: reverb (exit status 1; not expected)
2026-02-20 20:58:14,608 INFO spawned: 'reverb' with pid 128
2026-02-20 20:58:15,637 INFO success: reverb entered RUNNING state, process has stayed up for > than 1 seconds (startsecs)
2026-02-20 20:58:15,638 WARN exited: reverb (exit status 1; not expected)
2026-02-20 20:58:16,648 INFO spawned: 'reverb' with pid 129
2026-02-20 20:58:17,697 INFO success: reverb entered RUNNING state, process has stayed up for > than 1 seconds (startsecs)
2026-02-20 20:58:17,698 WARN exited: reverb (exit status 1; not expected)
2026-02-20 20:58:18,706 INFO spawned: 'reverb' with pid 130
2026-02-20 20:58:19,752 INFO success: reverb entered RUNNING state, process has stayed up for > than 1 seconds (startsecs)
2026-02-20 20:58:19,753 WARN exited: reverb (exit status 1; not expected)
2026-02-20 20:58:20,765 INFO spawned: 'reverb' with pid 131
2026-02-20 20:58:21,818 INFO success: reverb entered RUNNING state, process has stayed up for > than 1 seconds (startsecs)
2026-02-20 20:58:21,821 WARN exited: reverb (exit status 1; not expected)
2026-02-20 20:58:22,831 INFO spawned: 'reverb' with pid 132
2026-02-20 20:58:23,880 INFO success: reverb entered RUNNING state, process has stayed up for > than 1 seconds (startsecs)
2026-02-20 20:58:23,881 WARN exited: reverb (exit status 1; not expected)
2026-02-20 20:58:24,889 INFO spawned: 'reverb' with pid 139
2026-02-20 20:58:25,923 INFO success: reverb entered RUNNING state, process has stayed up for > than 1 seconds (startsecs)
2026-02-20 20:58:25,923 WARN exited: reverb (exit status 1; not expected)
2026-02-20 20:58:26,935 INFO spawned: 'reverb' with pid 140
2026-02-20 20:58:27,985 INFO success: reverb entered RUNNING state, process has stayed up for > than 1 seconds (startsecs)
2026-02-20 20:58:27,986 WARN exited: reverb (exit status 1; not expected)
2026-02-20 20:58:28,989 INFO spawned: 'reverb' with pid 142
2026-02-20 20:58:30,023 INFO success: reverb entered RUNNING state, process has stayed up for > than 1 seconds (startsecs)
2026-02-20 20:58:30,024 WARN exited: reverb (exit status 1; not expected)
2026-02-20 20:58:31,033 INFO spawned: 'reverb' with pid 143
2026-02-20 20:58:32,071 INFO success: reverb entered RUNNING state, process has stayed up for > than 1 seconds (startsecs)
2026-02-20 20:58:32,072 WARN exited: reverb (exit status 1; not expected)
2026-02-20 20:58:33,080 INFO spawned: 'reverb' with pid 144
2026-02-20 20:58:34,121 INFO success: reverb entered RUNNING state, process has stayed up for > than 1 seconds (startsecs)
2026-02-20 20:58:34,122 WARN exited: reverb (exit status 1; not expected)
2026-02-20 20:58:35,130 INFO spawned: 'reverb' with pid 145
2026-02-20 20:58:36,176 INFO success: reverb entered RUNNING state, process has stayed up for > than 1 seconds (startsecs)
2026-02-20 20:58:36,176 WARN exited: reverb (exit status 1; not expected)
2026-02-20 20:58:37,188 INFO spawned: 'reverb' with pid 146
2026-02-20 20:58:38,234 INFO success: reverb entered RUNNING state, process has stayed up for > than 1 seconds (startsecs)
2026-02-20 20:58:38,235 WARN exited: reverb (exit status 1; not expected)
2026-02-20 20:58:39,242 INFO spawned: 'reverb' with pid 147
2026-02-20 20:58:40,283 INFO success: reverb entered RUNNING state, process has stayed up for > than 1 seconds (startsecs)
2026-02-20 20:58:40,284 WARN exited: reverb (exit status 1; not expected)
2026-02-20 20:58:41,291 INFO spawned: 'reverb' with pid 148
2026-02-20 20:58:42,330 INFO success: reverb entered RUNNING state, process has stayed up for > than 1 seconds (startsecs)
2026-02-20 20:58:42,331 WARN exited: reverb (exit status 1; not expected)
2026-02-20 20:58:43,347 INFO spawned: 'reverb' with pid 149
2026-02-20 20:58:44,385 INFO success: reverb entered RUNNING state, process has stayed up for > than 1 seconds (startsecs)
2026-02-20 20:58:44,386 WARN exited: reverb (exit status 1; not expected)
2026-02-20 20:58:45,395 INFO spawned: 'reverb' with pid 150
2026-02-20 20:58:46,443 INFO success: reverb entered RUNNING state, process has stayed up for > than 1 seconds (startsecs)
2026-02-20 20:58:46,444 WARN exited: reverb (exit status 1; not expected)
2026-02-20 20:58:47,457 INFO spawned: 'reverb' with pid 151
2026-02-20 20:58:48,501 INFO success: reverb entered RUNNING state, process has stayed up for > than 1 seconds (startsecs)
2026-02-20 20:58:48,502 WARN exited: reverb (exit status 1; not expected)
2026-02-20 20:58:49,509 INFO spawned: 'reverb' with pid 152
2026-02-20 20:58:50,555 INFO success: reverb entered RUNNING state, process has stayed up for > than 1 seconds (startsecs)
2026-02-20 20:58:50,556 WARN exited: reverb (exit status 1; not expected)
2026-02-20 20:58:51,568 INFO spawned: 'reverb' with pid 153
2026-02-20 20:58:52,614 INFO success: reverb entered RUNNING state, process has stayed up for > than 1 seconds (startsecs)
2026-02-20 20:58:52,615 WARN exited: reverb (exit status 1; not expected)
2026-02-20 20:58:53,627 INFO spawned: 'reverb' with pid 154
2026-02-20 20:58:54,682 INFO success: reverb entered RUNNING state, process has stayed up for > than 1 seconds (startsecs)
2026-02-20 20:58:54,683 WARN exited: reverb (exit status 1; not expected)
2026-02-20 20:58:55,696 INFO spawned: 'reverb' with pid 155
2026-02-20 20:58:56,747 INFO success: reverb entered RUNNING state, process has stayed up for > than 1 seconds (startsecs)
2026-02-20 20:58:56,748 WARN exited: reverb (exit status 1; not expected)
2026-02-20 20:58:57,755 INFO spawned: 'reverb' with pid 156
2026-02-20 20:58:58,803 INFO success: reverb entered RUNNING state, process has stayed up for > than 1 seconds (startsecs)
2026-02-20 20:58:58,804 WARN exited: reverb (exit status 1; not expected)
2026-02-20 20:58:59,814 INFO spawned: 'reverb' with pid 157
2026-02-20 20:59:00,863 INFO success: reverb entered RUNNING state, process has stayed up for > than 1 seconds (startsecs)
2026-02-20 20:59:00,865 WARN exited: reverb (exit status 1; not expected)
2026-02-20 20:59:01,874 INFO spawned: 'reverb' with pid 158
2026-02-20 20:59:02,921 INFO success: reverb entered RUNNING state, process has stayed up for > than 1 seconds (startsecs)
2026-02-20 20:59:02,923 WARN exited: reverb (exit status 1; not expected)
2026-02-20 20:59:03,934 INFO spawned: 'reverb' with pid 159
2026-02-20 20:59:04,984 INFO success: reverb entered RUNNING state, process has stayed up for > than 1 seconds (startsecs)
2026-02-20 20:59:04,986 WARN exited: reverb (exit status 1; not expected)
2026-02-20 20:59:05,998 INFO spawned: 'reverb' with pid 160
2026-02-20 20:59:07,055 INFO success: reverb entered RUNNING state, process has stayed up for > than 1 seconds (startsecs)
2026-02-20 20:59:07,055 WARN exited: reverb (exit status 1; not expected)
2026-02-20 20:59:08,064 INFO spawned: 'reverb' with pid 161
2026-02-20 20:59:09,112 INFO success: reverb entered RUNNING state, process has stayed up for > than 1 seconds (startsecs)
2026-02-20 20:59:09,113 WARN exited: reverb (exit status 1; not expected)
2026-02-20 20:59:10,125 INFO spawned: 'reverb' with pid 162
2026-02-20 20:59:11,172 INFO success: reverb entered RUNNING state, process has stayed up for > than 1 seconds (startsecs)
2026-02-20 20:59:11,173 WARN exited: reverb (exit status 1; not expected)
2026-02-20 20:59:12,180 INFO spawned: 'reverb' with pid 163
2026-02-20 20:59:13,222 INFO success: reverb entered RUNNING state, process has stayed up for > than 1 seconds (startsecs)
2026-02-20 20:59:13,223 WARN exited: reverb (exit status 1; not expected)
2026-02-20 20:59:14,231 INFO spawned: 'reverb' with pid 164
2026-02-20 20:59:15,284 INFO success: reverb entered RUNNING state, process has stayed up for > than 1 seconds (startsecs)
2026-02-20 20:59:15,285 WARN exited: reverb (exit status 1; not expected)
2026-02-20 20:59:16,293 INFO spawned: 'reverb' with pid 165
2026-02-20 20:59:17,336 INFO success: reverb entered RUNNING state, process has stayed up for > than 1 seconds (startsecs)
2026-02-20 20:59:17,336 WARN exited: reverb (exit status 1; not expected)
2026-02-20 20:59:18,347 INFO spawned: 'reverb' with pid 166
2026-02-20 20:59:19,405 INFO success: reverb entered RUNNING state, process has stayed up for > than 1 seconds (startsecs)
2026-02-20 20:59:19,406 WARN exited: reverb (exit status 1; not expected)
2026-02-20 20:59:20,415 INFO spawned: 'reverb' with pid 167
2026-02-20 20:59:20,456 WARN exited: reverb (exit status 1; not expected)
2026-02-20 20:59:21,467 INFO spawned: 'reverb' with pid 168
2026-02-20 20:59:22,516 INFO success: reverb entered RUNNING state, process has stayed up for > than 1 seconds (startsecs)
2026-02-20 20:59:22,517 WARN exited: reverb (exit status 1; not expected)
2026-02-20 20:59:23,523 INFO spawned: 'reverb' with pid 169
2026-02-20 20:59:24,562 INFO success: reverb entered RUNNING state, process has stayed up for > than 1 seconds (startsecs)
2026-02-20 20:59:24,563 WARN exited: reverb (exit status 1; not expected)
2026-02-20 20:59:25,579 INFO spawned: 'reverb' with pid 170
2026-02-20 20:59:26,627 INFO success: reverb entered RUNNING state, process has stayed up for > than 1 seconds (startsecs)
2026-02-20 20:59:26,628 WARN exited: reverb (exit status 1; not expected)
2026-02-20 20:59:27,638 INFO spawned: 'reverb' with pid 171
2026-02-20 20:59:28,687 INFO success: reverb entered RUNNING state, process has stayed up for > than 1 seconds (startsecs)
2026-02-20 20:59:28,688 WARN exited: reverb (exit status 1; not expected)
2026-02-20 20:59:29,699 INFO spawned: 'reverb' with pid 172
2026-02-20 20:59:30,747 INFO success: reverb entered RUNNING state, process has stayed up for > than 1 seconds (startsecs)
2026-02-20 20:59:30,748 WARN exited: reverb (exit status 1; not expected)
2026-02-20 20:59:31,756 INFO spawned: 'reverb' with pid 173
2026-02-20 20:59:32,795 INFO success: reverb entered RUNNING state, process has stayed up for > than 1 seconds (startsecs)
2026-02-20 20:59:32,799 WARN exited: reverb (exit status 1; not expected)
2026-02-20 20:59:33,810 INFO spawned: 'reverb' with pid 174
2026-02-20 20:59:34,848 INFO success: reverb entered RUNNING state, process has stayed up for > than 1 seconds (startsecs)
2026-02-20 20:59:34,849 WARN exited: reverb (exit status 1; not expected)
2026-02-20 20:59:35,864 INFO spawned: 'reverb' with pid 175
2026-02-20 20:59:36,923 INFO success: reverb entered RUNNING state, process has stayed up for > than 1 seconds (startsecs)
2026-02-20 20:59:36,924 WARN exited: reverb (exit status 1; not expected)
2026-02-20 20:59:37,933 INFO spawned: 'reverb' with pid 176
2026-02-20 20:59:38,978 INFO success: reverb entered RUNNING state, process has stayed up for > than 1 seconds (startsecs)
2026-02-20 20:59:38,979 WARN exited: reverb (exit status 1; not expected)
2026-02-20 20:59:39,993 INFO spawned: 'reverb' with pid 177
2026-02-20 20:59:41,050 INFO success: reverb entered RUNNING state, process has stayed up for > than 1 seconds (startsecs)
2026-02-20 20:59:41,052 WARN exited: reverb (exit status 1; not expected)
2026-02-20 20:59:42,065 INFO spawned: 'reverb' with pid 178
2026-02-20 20:59:43,114 INFO success: reverb entered RUNNING state, process has stayed up for > than 1 seconds (startsecs)
2026-02-20 20:59:43,116 WARN exited: reverb (exit status 1; not expected)
2026-02-20 20:59:44,128 INFO spawned: 'reverb' with pid 179
2026-02-20 20:59:45,176 INFO success: reverb entered RUNNING state, process has stayed up for > than 1 seconds (startsecs)
2026-02-20 20:59:45,177 WARN exited: reverb (exit status 1; not expected)
2026-02-20 20:59:46,189 INFO spawned: 'reverb' with pid 180
2026-02-20 20:59:47,245 INFO success: reverb entered RUNNING state, process has stayed up for > than 1 seconds (startsecs)
2026-02-20 20:59:47,245 WARN exited: reverb (exit status 1; not expected)
2026-02-20 20:59:48,257 INFO spawned: 'reverb' with pid 181
2026-02-20 20:59:49,306 INFO success: reverb entered RUNNING state, process has stayed up for > than 1 seconds (startsecs)
2026-02-20 20:59:49,307 WARN exited: reverb (exit status 1; not expected)
2026-02-20 20:59:50,319 INFO spawned: 'reverb' with pid 182
2026-02-20 20:59:51,381 INFO success: reverb entered RUNNING state, process has stayed up for > than 1 seconds (startsecs)
2026-02-20 20:59:51,382 WARN exited: reverb (exit status 1; not expected)
2026-02-20 20:59:52,400 INFO spawned: 'reverb' with pid 183
2026-02-20 20:59:53,451 INFO success: reverb entered RUNNING state, process has stayed up for > than 1 seconds (startsecs)
2026-02-20 20:59:53,452 WARN exited: reverb (exit status 1; not expected)
2026-02-20 20:59:54,465 INFO spawned: 'reverb' with pid 184
2026-02-20 20:59:55,511 INFO success: reverb entered RUNNING state, process has stayed up for > than 1 seconds (startsecs)
2026-02-20 20:59:55,512 WARN exited: reverb (exit status 1; not expected)
2026-02-20 20:59:56,518 INFO spawned: 'reverb' with pid 185
2026-02-20 20:59:57,552 INFO success: reverb entered RUNNING state, process has stayed up for > than 1 seconds (startsecs)
2026-02-20 20:59:57,553 WARN exited: reverb (exit status 1; not expected)
2026-02-20 20:59:58,565 INFO spawned: 'reverb' with pid 186
2026-02-20 20:59:59,616 INFO success: reverb entered RUNNING state, process has stayed up for > than 1 seconds (startsecs)
2026-02-20 20:59:59,616 WARN exited: reverb (exit status 1; not expected)
2026-02-20 21:00:00,625 INFO spawned: 'reverb' with pid 187
2026-02-20 21:00:01,672 INFO success: reverb entered RUNNING state, process has stayed up for > than 1 seconds (startsecs)
2026-02-20 21:00:01,673 WARN exited: reverb (exit status 1; not expected)
2026-02-20 21:00:02,679 INFO spawned: 'reverb' with pid 188
2026-02-20 21:00:03,729 INFO success: reverb entered RUNNING state, process has stayed up for > than 1 seconds (startsecs)
2026-02-20 21:00:03,730 WARN exited: reverb (exit status 1; not expected)
2026-02-20 21:00:04,737 INFO spawned: 'reverb' with pid 189
2026-02-20 21:00:05,787 INFO success: reverb entered RUNNING state, process has stayed up for > than 1 seconds (startsecs)
2026-02-20 21:00:05,788 WARN exited: reverb (exit status 1; not expected)
2026-02-20 21:00:06,798 INFO spawned: 'reverb' with pid 191
2026-02-20 21:00:07,844 INFO success: reverb entered RUNNING state, process has stayed up for > than 1 seconds (startsecs)
2026-02-20 21:00:07,845 WARN exited: reverb (exit status 1; not expected)
2026-02-20 21:00:08,856 INFO spawned: 'reverb' with pid 192
2026-02-20 21:00:09,906 INFO success: reverb entered RUNNING state, process has stayed up for > than 1 seconds (startsecs)
2026-02-20 21:00:09,907 WARN exited: reverb (exit status 1; not expected)
2026-02-20 21:00:10,916 INFO spawned: 'reverb' with pid 193
2026-02-20 21:00:11,957 INFO success: reverb entered RUNNING state, process has stayed up for > than 1 seconds (startsecs)
2026-02-20 21:00:11,958 WARN exited: reverb (exit status 1; not expected)
2026-02-20 21:00:12,968 INFO spawned: 'reverb' with pid 194
2026-02-20 21:00:14,010 INFO success: reverb entered RUNNING state, process has stayed up for > than 1 seconds (startsecs)
2026-02-20 21:00:14,011 WARN exited: reverb (exit status 1; not expected)
2026-02-20 21:00:15,019 INFO spawned: 'reverb' with pid 195
2026-02-20 21:00:16,066 INFO success: reverb entered RUNNING state, process has stayed up for > than 1 seconds (startsecs)
2026-02-20 21:00:16,067 WARN exited: reverb (exit status 1; not expected)
2026-02-20 21:00:17,074 INFO spawned: 'reverb' with pid 196
2026-02-20 21:00:18,121 INFO success: reverb entered RUNNING state, process has stayed up for > than 1 seconds (startsecs)
2026-02-20 21:00:18,122 WARN exited: reverb (exit status 1; not expected)
2026-02-20 21:00:19,130 INFO spawned: 'reverb' with pid 197
2026-02-20 21:00:20,176 INFO success: reverb entered RUNNING state, process has stayed up for > than 1 seconds (startsecs)
2026-02-20 21:00:20,177 WARN exited: reverb (exit status 1; not expected)
2026-02-20 21:00:21,187 INFO spawned: 'reverb' with pid 198
2026-02-20 21:00:22,231 INFO success: reverb entered RUNNING state, process has stayed up for > than 1 seconds (startsecs)
2026-02-20 21:00:22,231 WARN exited: reverb (exit status 1; not expected)
2026-02-20 21:00:23,240 INFO spawned: 'reverb' with pid 199
2026-02-20 21:00:24,289 INFO success: reverb entered RUNNING state, process has stayed up for > than 1 seconds (startsecs)
2026-02-20 21:00:24,290 WARN exited: reverb (exit status 1; not expected)
2026-02-20 21:00:25,300 INFO spawned: 'reverb' with pid 200
2026-02-20 21:00:26,342 INFO success: reverb entered RUNNING state, process has stayed up for > than 1 seconds (startsecs)
2026-02-20 21:00:26,343 WARN exited: reverb (exit status 1; not expected)
2026-02-20 21:00:27,355 INFO spawned: 'reverb' with pid 201
2026-02-20 21:00:28,396 INFO success: reverb entered RUNNING state, process has stayed up for > than 1 seconds (startsecs)
2026-02-20 21:00:28,397 WARN exited: reverb (exit status 1; not expected)
2026-02-20 21:00:29,407 INFO spawned: 'reverb' with pid 202
2026-02-20 21:00:30,451 INFO success: reverb entered RUNNING state, process has stayed up for > than 1 seconds (startsecs)
2026-02-20 21:00:30,451 WARN exited: reverb (exit status 1; not expected)
2026-02-20 21:00:31,461 INFO spawned: 'reverb' with pid 203
2026-02-20 21:00:32,506 INFO success: reverb entered RUNNING state, process has stayed up for > than 1 seconds (startsecs)
2026-02-20 21:00:32,507 WARN exited: reverb (exit status 1; not expected)
2026-02-20 21:00:33,512 INFO spawned: 'reverb' with pid 204
2026-02-20 21:00:34,547 INFO success: reverb entered RUNNING state, process has stayed up for > than 1 seconds (startsecs)
2026-02-20 21:00:34,549 WARN exited: reverb (exit status 1; not expected)
2026-02-20 21:00:35,559 INFO spawned: 'reverb' with pid 205
2026-02-20 21:00:36,606 INFO success: reverb entered RUNNING state, process has stayed up for > than 1 seconds (startsecs)
2026-02-20 21:00:36,606 WARN exited: reverb (exit status 1; not expected)
2026-02-20 21:00:37,611 INFO spawned: 'reverb' with pid 206
2026-02-20 21:00:38,656 INFO success: reverb entered RUNNING state, process has stayed up for > than 1 seconds (startsecs)
2026-02-20 21:00:38,656 WARN exited: reverb (exit status 1; not expected)
2026-02-20 21:00:39,670 INFO spawned: 'reverb' with pid 207
2026-02-20 21:00:39,711 WARN exited: reverb (exit status 1; not expected)
2026-02-20 21:00:40,720 INFO spawned: 'reverb' with pid 208
2026-02-20 21:00:41,784 INFO success: reverb entered RUNNING state, process has stayed up for > than 1 seconds (startsecs)
2026-02-20 21:00:41,790 WARN exited: reverb (exit status 1; not expected)
2026-02-20 21:00:42,803 INFO spawned: 'reverb' with pid 209
2026-02-20 21:00:43,846 INFO success: reverb entered RUNNING state, process has stayed up for > than 1 seconds (startsecs)
2026-02-20 21:00:43,847 WARN exited: reverb (exit status 1; not expected)
2026-02-20 21:00:44,861 INFO spawned: 'reverb' with pid 210
2026-02-20 21:00:45,907 INFO success: reverb entered RUNNING state, process has stayed up for > than 1 seconds (startsecs)
2026-02-20 21:00:45,908 WARN exited: reverb (exit status 1; not expected)
2026-02-20 21:00:46,926 INFO spawned: 'reverb' with pid 211
2026-02-20 21:00:47,973 INFO success: reverb entered RUNNING state, process has stayed up for > than 1 seconds (startsecs)
2026-02-20 21:00:47,974 WARN exited: reverb (exit status 1; not expected)
2026-02-20 21:00:48,989 INFO spawned: 'reverb' with pid 212
2026-02-20 21:00:50,035 INFO success: reverb entered RUNNING state, process has stayed up for > than 1 seconds (startsecs)
2026-02-20 21:00:50,036 WARN exited: reverb (exit status 1; not expected)
2026-02-20 21:00:51,044 INFO spawned: 'reverb' with pid 213
2026-02-20 21:00:52,094 INFO success: reverb entered RUNNING state, process has stayed up for > than 1 seconds (startsecs)
2026-02-20 21:00:52,095 WARN exited: reverb (exit status 1; not expected)
2026-02-20 21:00:53,100 INFO spawned: 'reverb' with pid 215
2026-02-20 21:00:54,137 INFO success: reverb entered RUNNING state, process has stayed up for > than 1 seconds (startsecs)
2026-02-20 21:00:54,137 WARN exited: reverb (exit status 1; not expected)
2026-02-20 21:00:55,151 INFO spawned: 'reverb' with pid 216
2026-02-20 21:00:56,199 INFO success: reverb entered RUNNING state, process has stayed up for > than 1 seconds (startsecs)
2026-02-20 21:00:56,200 WARN exited: reverb (exit status 1; not expected)
2026-02-20 21:00:57,204 INFO spawned: 'reverb' with pid 217
2026-02-20 21:00:58,254 INFO success: reverb entered RUNNING state, process has stayed up for > than 1 seconds (startsecs)
2026-02-20 21:00:58,254 WARN exited: reverb (exit status 1; not expected)
2026-02-20 21:00:59,269 INFO spawned: 'reverb' with pid 218
2026-02-20 21:01:00,315 INFO success: reverb entered RUNNING state, process has stayed up for > than 1 seconds (startsecs)
2026-02-20 21:01:00,315 WARN exited: reverb (exit status 1; not expected)
2026-02-20 21:01:01,324 INFO spawned: 'reverb' with pid 219
2026-02-20 21:01:02,367 INFO success: reverb entered RUNNING state, process has stayed up for > than 1 seconds (startsecs)
2026-02-20 21:01:02,367 WARN exited: reverb (exit status 1; not expected)
2026-02-20 21:01:03,378 INFO spawned: 'reverb' with pid 220
2026-02-20 21:01:04,434 INFO success: reverb entered RUNNING state, process has stayed up for > than 1 seconds (startsecs)
2026-02-20 21:01:04,437 WARN exited: reverb (exit status 1; not expected)
2026-02-20 21:01:05,448 INFO spawned: 'reverb' with pid 221
2026-02-20 21:01:06,498 INFO success: reverb entered RUNNING state, process has stayed up for > than 1 seconds (startsecs)
2026-02-20 21:01:06,499 WARN exited: reverb (exit status 1; not expected)
2026-02-20 21:01:07,506 INFO spawned: 'reverb' with pid 222
2026-02-20 21:01:08,553 INFO success: reverb entered RUNNING state, process has stayed up for > than 1 seconds (startsecs)
2026-02-20 21:01:08,554 WARN exited: reverb (exit status 1; not expected)
2026-02-20 21:01:09,564 INFO spawned: 'reverb' with pid 223
2026-02-20 21:01:10,614 INFO success: reverb entered RUNNING state, process has stayed up for > than 1 seconds (startsecs)
2026-02-20 21:01:10,615 WARN exited: reverb (exit status 1; not expected)
2026-02-20 21:01:11,624 INFO spawned: 'reverb' with pid 224
2026-02-20 21:01:12,669 INFO success: reverb entered RUNNING state, process has stayed up for > than 1 seconds (startsecs)
2026-02-20 21:01:12,670 WARN exited: reverb (exit status 1; not expected)
2026-02-20 21:01:13,680 INFO spawned: 'reverb' with pid 225
2026-02-20 21:01:14,728 INFO success: reverb entered RUNNING state, process has stayed up for > than 1 seconds (startsecs)
2026-02-20 21:01:14,728 WARN exited: reverb (exit status 1; not expected)
2026-02-20 21:01:15,737 INFO spawned: 'reverb' with pid 226
2026-02-20 21:01:16,778 INFO success: reverb entered RUNNING state, process has stayed up for > than 1 seconds (startsecs)
2026-02-20 21:01:16,779 WARN exited: reverb (exit status 1; not expected)
2026-02-20 21:01:17,787 INFO spawned: 'reverb' with pid 227
2026-02-20 21:01:18,835 INFO success: reverb entered RUNNING state, process has stayed up for > than 1 seconds (startsecs)
2026-02-20 21:01:18,837 WARN exited: reverb (exit status 1; not expected)
2026-02-20 21:01:19,849 INFO spawned: 'reverb' with pid 228
2026-02-20 21:01:20,899 INFO success: reverb entered RUNNING state, process has stayed up for > than 1 seconds (startsecs)
2026-02-20 21:01:20,900 WARN exited: reverb (exit status 1; not expected)
2026-02-20 21:01:21,917 INFO spawned: 'reverb' with pid 229
2026-02-20 21:01:22,982 INFO success: reverb entered RUNNING state, process has stayed up for > than 1 seconds (startsecs)
2026-02-20 21:01:22,982 WARN exited: reverb (exit status 1; not expected)
2026-02-20 21:01:23,995 INFO spawned: 'reverb' with pid 230
2026-02-20 21:01:25,042 INFO success: reverb entered RUNNING state, process has stayed up for > than 1 seconds (startsecs)
2026-02-20 21:01:25,043 WARN exited: reverb (exit status 1; not expected)
2026-02-20 21:01:26,061 INFO spawned: 'reverb' with pid 231
2026-02-20 21:01:27,110 INFO success: reverb entered RUNNING state, process has stayed up for > than 1 seconds (startsecs)
2026-02-20 21:01:27,112 WARN exited: reverb (exit status 1; not expected)
2026-02-20 21:01:28,120 INFO spawned: 'reverb' with pid 232
2026-02-20 21:01:29,159 INFO success: reverb entered RUNNING state, process has stayed up for > than 1 seconds (startsecs)
2026-02-20 21:01:29,160 WARN exited: reverb (exit status 1; not expected)
2026-02-20 21:01:30,169 INFO spawned: 'reverb' with pid 233
2026-02-20 21:01:31,214 INFO success: reverb entered RUNNING state, process has stayed up for > than 1 seconds (startsecs)
2026-02-20 21:01:31,215 WARN exited: reverb (exit status 1; not expected)
2026-02-20 21:01:32,225 INFO spawned: 'reverb' with pid 234
2026-02-20 21:01:33,282 INFO success: reverb entered RUNNING state, process has stayed up for > than 1 seconds (startsecs)
2026-02-20 21:01:33,284 WARN exited: reverb (exit status 1; not expected)
2026-02-20 21:01:34,288 INFO spawned: 'reverb' with pid 235
2026-02-20 21:01:35,319 INFO success: reverb entered RUNNING state, process has stayed up for > than 1 seconds (startsecs)
2026-02-20 21:01:35,320 WARN exited: reverb (exit status 1; not expected)
2026-02-20 21:01:36,328 INFO spawned: 'reverb' with pid 236
2026-02-20 21:01:37,361 INFO success: reverb entered RUNNING state, process has stayed up for > than 1 seconds (startsecs)
2026-02-20 21:01:37,361 WARN exited: reverb (exit status 1; not expected)
2026-02-20 21:01:38,367 INFO spawned: 'reverb' with pid 237
2026-02-20 21:01:39,400 INFO success: reverb entered RUNNING state, process has stayed up for > than 1 seconds (startsecs)
2026-02-20 21:01:39,400 WARN exited: reverb (exit status 1; not expected)
2026-02-20 21:01:40,407 INFO spawned: 'reverb' with pid 238
2026-02-20 21:01:41,453 INFO success: reverb entered RUNNING state, process has stayed up for > than 1 seconds (startsecs)
2026-02-20 21:01:41,455 WARN exited: reverb (exit status 1; not expected)
2026-02-20 21:01:42,461 INFO spawned: 'reverb' with pid 239
2026-02-20 21:01:43,508 INFO success: reverb entered RUNNING state, process has stayed up for > than 1 seconds (startsecs)
2026-02-20 21:01:43,508 WARN exited: reverb (exit status 1; not expected)
2026-02-20 21:01:44,519 INFO spawned: 'reverb' with pid 240
2026-02-20 21:01:45,569 INFO success: reverb entered RUNNING state, process has stayed up for > than 1 seconds (startsecs)
2026-02-20 21:01:45,570 WARN exited: reverb (exit status 1; not expected)
2026-02-20 21:01:46,580 INFO spawned: 'reverb' with pid 241
2026-02-20 21:01:47,626 INFO success: reverb entered RUNNING state, process has stayed up for > than 1 seconds (startsecs)
2026-02-20 21:01:47,627 WARN exited: reverb (exit status 1; not expected)
2026-02-20 21:01:48,637 INFO spawned: 'reverb' with pid 242
2026-02-20 21:01:49,688 INFO success: reverb entered RUNNING state, process has stayed up for > than 1 seconds (startsecs)
2026-02-20 21:01:49,690 WARN exited: reverb (exit status 1; not expected)
2026-02-20 21:01:50,700 INFO spawned: 'reverb' with pid 243
2026-02-20 21:01:51,748 INFO success: reverb entered RUNNING state, process has stayed up for > than 1 seconds (startsecs)
2026-02-20 21:01:51,749 WARN exited: reverb (exit status 1; not expected)
2026-02-20 21:01:52,757 INFO spawned: 'reverb' with pid 244
2026-02-20 21:01:53,802 INFO success: reverb entered RUNNING state, process has stayed up for > than 1 seconds (startsecs)
2026-02-20 21:01:53,803 WARN exited: reverb (exit status 1; not expected)
2026-02-20 21:01:54,812 INFO spawned: 'reverb' with pid 245
2026-02-20 21:01:55,865 INFO success: reverb entered RUNNING state, process has stayed up for > than 1 seconds (startsecs)
2026-02-20 21:01:55,869 WARN exited: reverb (exit status 1; not expected)
2026-02-20 21:01:56,879 INFO spawned: 'reverb' with pid 246
2026-02-20 21:01:57,922 INFO success: reverb entered RUNNING state, process has stayed up for > than 1 seconds (startsecs)
2026-02-20 21:01:57,922 WARN exited: reverb (exit status 1; not expected)
2026-02-20 21:01:58,933 INFO spawned: 'reverb' with pid 247
2026-02-20 21:01:59,986 INFO success: reverb entered RUNNING state, process has stayed up for > than 1 seconds (startsecs)
2026-02-20 21:01:59,987 WARN exited: reverb (exit status 1; not expected)
2026-02-20 21:02:00,999 INFO spawned: 'reverb' with pid 248
2026-02-20 21:02:02,045 INFO success: reverb entered RUNNING state, process has stayed up for > than 1 seconds (startsecs)
2026-02-20 21:02:02,046 WARN exited: reverb (exit status 1; not expected)
2026-02-20 21:02:03,059 INFO spawned: 'reverb' with pid 249
2026-02-20 21:02:04,105 INFO success: reverb entered RUNNING state, process has stayed up for > than 1 seconds (startsecs)
2026-02-20 21:02:04,108 WARN exited: reverb (exit status 1; not expected)
2026-02-20 21:02:05,121 INFO spawned: 'reverb' with pid 250
2026-02-20 21:02:06,173 INFO success: reverb entered RUNNING state, process has stayed up for > than 1 seconds (startsecs)
2026-02-20 21:02:06,173 WARN exited: reverb (exit status 1; not expected)
2026-02-20 21:02:07,184 INFO spawned: 'reverb' with pid 251
2026-02-20 21:02:08,239 INFO success: reverb entered RUNNING state, process has stayed up for > than 1 seconds (startsecs)
2026-02-20 21:02:08,243 WARN exited: reverb (exit status 1; not expected)
2026-02-20 21:02:09,256 INFO spawned: 'reverb' with pid 252
2026-02-20 21:02:10,302 INFO success: reverb entered RUNNING state, process has stayed up for > than 1 seconds (startsecs)
2026-02-20 21:02:10,303 WARN exited: reverb (exit status 1; not expected)
2026-02-20 21:02:11,319 INFO spawned: 'reverb' with pid 253
2026-02-20 21:02:12,364 INFO success: reverb entered RUNNING state, process has stayed up for > than 1 seconds (startsecs)
2026-02-20 21:02:12,365 WARN exited: reverb (exit status 1; not expected)
2026-02-20 21:02:13,371 INFO spawned: 'reverb' with pid 254
2026-02-20 21:02:14,412 INFO success: reverb entered RUNNING state, process has stayed up for > than 1 seconds (startsecs)
2026-02-20 21:02:14,414 WARN exited: reverb (exit status 1; not expected)
2026-02-20 21:02:15,426 INFO spawned: 'reverb' with pid 255
2026-02-20 21:02:16,472 INFO success: reverb entered RUNNING state, process has stayed up for > than 1 seconds (startsecs)
2026-02-20 21:02:16,473 WARN exited: reverb (exit status 1; not expected)
2026-02-20 21:02:17,482 INFO spawned: 'reverb' with pid 256
2026-02-20 21:02:18,535 INFO success: reverb entered RUNNING state, process has stayed up for > than 1 seconds (startsecs)
2026-02-20 21:02:18,536 WARN exited: reverb (exit status 1; not expected)
2026-02-20 21:02:19,549 INFO spawned: 'reverb' with pid 257
2026-02-20 21:02:20,593 INFO success: reverb entered RUNNING state, process has stayed up for > than 1 seconds (startsecs)
2026-02-20 21:02:20,594 WARN exited: reverb (exit status 1; not expected)
2026-02-20 21:02:21,606 INFO spawned: 'reverb' with pid 258
2026-02-20 21:02:22,654 INFO success: reverb entered RUNNING state, process has stayed up for > than 1 seconds (startsecs)
2026-02-20 21:02:22,654 WARN exited: reverb (exit status 1; not expected)
2026-02-20 21:02:23,666 INFO spawned: 'reverb' with pid 259
2026-02-20 21:02:24,705 INFO success: reverb entered RUNNING state, process has stayed up for > than 1 seconds (startsecs)
2026-02-20 21:02:24,706 WARN exited: reverb (exit status 1; not expected)
2026-02-20 21:02:25,717 INFO spawned: 'reverb' with pid 260
2026-02-20 21:02:26,773 INFO success: reverb entered RUNNING state, process has stayed up for > than 1 seconds (startsecs)
2026-02-20 21:02:26,774 WARN exited: reverb (exit status 1; not expected)
2026-02-20 21:02:27,787 INFO spawned: 'reverb' with pid 261
2026-02-20 21:02:28,833 INFO success: reverb entered RUNNING state, process has stayed up for > than 1 seconds (startsecs)
2026-02-20 21:02:28,834 WARN exited: reverb (exit status 1; not expected)
2026-02-20 21:02:29,841 INFO spawned: 'reverb' with pid 262
2026-02-20 21:02:30,882 INFO success: reverb entered RUNNING state, process has stayed up for > than 1 seconds (startsecs)
2026-02-20 21:02:30,883 WARN exited: reverb (exit status 1; not expected)
2026-02-20 21:02:31,899 INFO spawned: 'reverb' with pid 263
2026-02-20 21:02:32,944 INFO success: reverb entered RUNNING state, process has stayed up for > than 1 seconds (startsecs)
2026-02-20 21:02:32,945 WARN exited: reverb (exit status 1; not expected)
2026-02-20 21:02:33,959 INFO spawned: 'reverb' with pid 264
2026-02-20 21:02:34,995 INFO success: reverb entered RUNNING state, process has stayed up for > than 1 seconds (startsecs)
2026-02-20 21:02:34,997 WARN exited: reverb (exit status 1; not expected)
2026-02-20 21:02:36,006 INFO spawned: 'reverb' with pid 265
2026-02-20 21:02:37,053 INFO success: reverb entered RUNNING state, process has stayed up for > than 1 seconds (startsecs)
2026-02-20 21:02:37,054 WARN exited: reverb (exit status 1; not expected)
2026-02-20 21:02:38,062 INFO spawned: 'reverb' with pid 266
2026-02-20 21:02:39,117 INFO success: reverb entered RUNNING state, process has stayed up for > than 1 seconds (startsecs)
2026-02-20 21:02:39,118 WARN exited: reverb (exit status 1; not expected)
2026-02-20 21:02:40,124 INFO spawned: 'reverb' with pid 267
2026-02-20 21:02:41,174 INFO success: reverb entered RUNNING state, process has stayed up for > than 1 seconds (startsecs)
2026-02-20 21:02:41,175 WARN exited: reverb (exit status 1; not expected)
2026-02-20 21:02:42,190 INFO spawned: 'reverb' with pid 268
2026-02-20 21:02:43,242 INFO success: reverb entered RUNNING state, process has stayed up for > than 1 seconds (startsecs)
2026-02-20 21:02:43,244 WARN exited: reverb (exit status 1; not expected)
2026-02-20 21:02:44,253 INFO spawned: 'reverb' with pid 269
2026-02-20 21:02:45,304 INFO success: reverb entered RUNNING state, process has stayed up for > than 1 seconds (startsecs)
2026-02-20 21:02:45,306 WARN exited: reverb (exit status 1; not expected)
2026-02-20 21:02:46,313 INFO spawned: 'reverb' with pid 270
2026-02-20 21:02:47,360 INFO success: reverb entered RUNNING state, process has stayed up for > than 1 seconds (startsecs)
2026-02-20 21:02:47,361 WARN exited: reverb (exit status 1; not expected)
2026-02-20 21:02:48,368 INFO spawned: 'reverb' with pid 271
2026-02-20 21:02:49,405 INFO success: reverb entered RUNNING state, process has stayed up for > than 1 seconds (startsecs)
2026-02-20 21:02:49,405 WARN exited: reverb (exit status 1; not expected)
2026-02-20 21:02:50,415 INFO spawned: 'reverb' with pid 272
2026-02-20 21:02:51,480 INFO success: reverb entered RUNNING state, process has stayed up for > than 1 seconds (startsecs)
2026-02-20 21:02:51,481 WARN exited: reverb (exit status 1; not expected)
2026-02-20 21:02:52,496 INFO spawned: 'reverb' with pid 273
2026-02-20 21:02:53,542 INFO success: reverb entered RUNNING state, process has stayed up for > than 1 seconds (startsecs)
2026-02-20 21:02:53,543 WARN exited: reverb (exit status 1; not expected)
2026-02-20 21:02:54,564 INFO spawned: 'reverb' with pid 274
2026-02-20 21:02:55,615 INFO success: reverb entered RUNNING state, process has stayed up for > than 1 seconds (startsecs)
2026-02-20 21:02:55,616 WARN exited: reverb (exit status 1; not expected)
2026-02-20 21:02:56,625 INFO spawned: 'reverb' with pid 275
2026-02-20 21:02:57,665 INFO success: reverb entered RUNNING state, process has stayed up for > than 1 seconds (startsecs)
2026-02-20 21:02:57,666 WARN exited: reverb (exit status 1; not expected)
2026-02-20 21:02:58,674 INFO spawned: 'reverb' with pid 276
2026-02-20 21:02:59,729 INFO success: reverb entered RUNNING state, process has stayed up for > than 1 seconds (startsecs)
2026-02-20 21:02:59,730 WARN exited: reverb (exit status 1; not expected)
2026-02-20 21:03:00,738 INFO spawned: 'reverb' with pid 277
2026-02-20 21:03:01,775 INFO success: reverb entered RUNNING state, process has stayed up for > than 1 seconds (startsecs)
2026-02-20 21:03:01,776 WARN exited: reverb (exit status 1; not expected)
2026-02-20 21:03:02,783 INFO spawned: 'reverb' with pid 278
2026-02-20 21:03:03,832 INFO success: reverb entered RUNNING state, process has stayed up for > than 1 seconds (startsecs)
2026-02-20 21:03:03,836 WARN exited: reverb (exit status 1; not expected)
2026-02-20 21:03:04,849 INFO spawned: 'reverb' with pid 279
2026-02-20 21:03:05,896 INFO success: reverb entered RUNNING state, process has stayed up for > than 1 seconds (startsecs)
2026-02-20 21:03:05,897 WARN exited: reverb (exit status 1; not expected)
2026-02-20 21:03:06,904 INFO spawned: 'reverb' with pid 280
2026-02-20 21:03:07,941 INFO success: reverb entered RUNNING state, process has stayed up for > than 1 seconds (startsecs)
2026-02-20 21:03:07,942 WARN exited: reverb (exit status 1; not expected)
2026-02-20 21:03:08,959 INFO spawned: 'reverb' with pid 281
2026-02-20 21:03:10,012 INFO success: reverb entered RUNNING state, process has stayed up for > than 1 seconds (startsecs)
2026-02-20 21:03:10,013 WARN exited: reverb (exit status 1; not expected)
2026-02-20 21:03:11,025 INFO spawned: 'reverb' with pid 282
2026-02-20 21:03:12,078 INFO success: reverb entered RUNNING state, process has stayed up for > than 1 seconds (startsecs)
2026-02-20 21:03:12,080 WARN exited: reverb (exit status 1; not expected)
2026-02-20 21:03:13,098 INFO spawned: 'reverb' with pid 283
2026-02-20 21:03:14,141 INFO success: reverb entered RUNNING state, process has stayed up for > than 1 seconds (startsecs)
2026-02-20 21:03:14,142 WARN exited: reverb (exit status 1; not expected)
2026-02-20 21:03:15,154 INFO spawned: 'reverb' with pid 284
2026-02-20 21:03:16,203 INFO success: reverb entered RUNNING state, process has stayed up for > than 1 seconds (startsecs)
2026-02-20 21:03:16,204 WARN exited: reverb (exit status 1; not expected)
2026-02-20 21:03:17,217 INFO spawned: 'reverb' with pid 285
2026-02-20 21:03:18,265 INFO success: reverb entered RUNNING state, process has stayed up for > than 1 seconds (startsecs)
2026-02-20 21:03:18,266 WARN exited: reverb (exit status 1; not expected)
2026-02-20 21:03:19,274 INFO spawned: 'reverb' with pid 286
2026-02-20 21:03:20,320 INFO success: reverb entered RUNNING state, process has stayed up for > than 1 seconds (startsecs)
2026-02-20 21:03:20,321 WARN exited: reverb (exit status 1; not expected)
2026-02-20 21:03:21,329 INFO spawned: 'reverb' with pid 287
2026-02-20 21:03:22,382 INFO success: reverb entered RUNNING state, process has stayed up for > than 1 seconds (startsecs)
2026-02-20 21:03:22,383 WARN exited: reverb (exit status 1; not expected)
2026-02-20 21:03:23,395 INFO spawned: 'reverb' with pid 288
2026-02-20 21:03:24,445 INFO success: reverb entered RUNNING state, process has stayed up for > than 1 seconds (startsecs)
2026-02-20 21:03:24,446 WARN exited: reverb (exit status 1; not expected)
2026-02-20 21:03:25,457 INFO spawned: 'reverb' with pid 289
2026-02-20 21:03:26,504 INFO success: reverb entered RUNNING state, process has stayed up for > than 1 seconds (startsecs)
2026-02-20 21:03:26,505 WARN exited: reverb (exit status 1; not expected)
2026-02-20 21:03:27,517 INFO spawned: 'reverb' with pid 290
2026-02-20 21:03:28,565 INFO success: reverb entered RUNNING state, process has stayed up for > than 1 seconds (startsecs)
2026-02-20 21:03:28,566 WARN exited: reverb (exit status 1; not expected)
2026-02-20 21:03:29,578 INFO spawned: 'reverb' with pid 291
2026-02-20 21:03:30,628 INFO success: reverb entered RUNNING state, process has stayed up for > than 1 seconds (startsecs)
2026-02-20 21:03:30,628 WARN exited: reverb (exit status 1; not expected)
2026-02-20 21:03:31,646 INFO spawned: 'reverb' with pid 292
2026-02-20 21:03:32,682 INFO success: reverb entered RUNNING state, process has stayed up for > than 1 seconds (startsecs)
2026-02-20 21:03:32,683 WARN exited: reverb (exit status 1; not expected)
2026-02-20 21:03:33,696 INFO spawned: 'reverb' with pid 293
2026-02-20 21:03:34,745 INFO success: reverb entered RUNNING state, process has stayed up for > than 1 seconds (startsecs)
2026-02-20 21:03:34,746 WARN exited: reverb (exit status 1; not expected)
2026-02-20 21:03:35,757 INFO spawned: 'reverb' with pid 294
2026-02-20 21:03:36,817 INFO success: reverb entered RUNNING state, process has stayed up for > than 1 seconds (startsecs)
2026-02-20 21:03:36,818 WARN exited: reverb (exit status 1; not expected)
2026-02-20 21:03:37,830 INFO spawned: 'reverb' with pid 295
2026-02-20 21:03:38,891 INFO success: reverb entered RUNNING state, process has stayed up for > than 1 seconds (startsecs)
2026-02-20 21:03:38,892 WARN exited: reverb (exit status 1; not expected)
2026-02-20 21:03:39,899 INFO spawned: 'reverb' with pid 296
2026-02-20 21:03:40,928 INFO success: reverb entered RUNNING state, process has stayed up for > than 1 seconds (startsecs)
2026-02-20 21:03:40,929 WARN exited: reverb (exit status 1; not expected)
2026-02-20 21:03:41,939 INFO spawned: 'reverb' with pid 297
2026-02-20 21:03:42,993 INFO success: reverb entered RUNNING state, process has stayed up for > than 1 seconds (startsecs)
2026-02-20 21:03:42,993 WARN exited: reverb (exit status 1; not expected)
2026-02-20 21:03:43,998 INFO spawned: 'reverb' with pid 298
2026-02-20 21:03:45,034 INFO success: reverb entered RUNNING state, process has stayed up for > than 1 seconds (startsecs)
2026-02-20 21:03:45,035 WARN exited: reverb (exit status 1; not expected)
2026-02-20 21:03:46,045 INFO spawned: 'reverb' with pid 299
2026-02-20 21:03:46,075 WARN exited: reverb (exit status 1; not expected)
2026-02-20 21:03:47,084 INFO spawned: 'reverb' with pid 300
2026-02-20 21:03:48,124 INFO success: reverb entered RUNNING state, process has stayed up for > than 1 seconds (startsecs)
2026-02-20 21:03:48,124 WARN exited: reverb (exit status 1; not expected)
2026-02-20 21:03:49,135 INFO spawned: 'reverb' with pid 301
2026-02-20 21:03:50,173 INFO success: reverb entered RUNNING state, process has stayed up for > than 1 seconds (startsecs)
2026-02-20 21:03:50,173 WARN exited: reverb (exit status 1; not expected)
2026-02-20 21:03:51,178 INFO spawned: 'reverb' with pid 302
2026-02-20 21:03:52,214 INFO success: reverb entered RUNNING state, process has stayed up for > than 1 seconds (startsecs)
2026-02-20 21:03:52,215 WARN exited: reverb (exit status 1; not expected)
2026-02-20 21:03:53,223 INFO spawned: 'reverb' with pid 303
2026-02-20 21:03:54,270 INFO success: reverb entered RUNNING state, process has stayed up for > than 1 seconds (startsecs)
2026-02-20 21:03:54,270 WARN exited: reverb (exit status 1; not expected)
2026-02-20 21:03:55,276 INFO spawned: 'reverb' with pid 304
2026-02-20 21:03:56,317 INFO success: reverb entered RUNNING state, process has stayed up for > than 1 seconds (startsecs)
2026-02-20 21:03:56,318 WARN exited: reverb (exit status 1; not expected)
2026-02-20 21:03:57,328 INFO spawned: 'reverb' with pid 305
2026-02-20 21:03:58,366 INFO success: reverb entered RUNNING state, process has stayed up for > than 1 seconds (startsecs)
2026-02-20 21:03:58,367 WARN exited: reverb (exit status 1; not expected)
2026-02-20 21:03:59,375 INFO spawned: 'reverb' with pid 306
2026-02-20 21:04:00,419 INFO success: reverb entered RUNNING state, process has stayed up for > than 1 seconds (startsecs)
2026-02-20 21:04:00,420 WARN exited: reverb (exit status 1; not expected)
2026-02-20 21:04:01,426 INFO spawned: 'reverb' with pid 307
2026-02-20 21:04:02,461 INFO success: reverb entered RUNNING state, process has stayed up for > than 1 seconds (startsecs)
2026-02-20 21:04:02,463 WARN exited: reverb (exit status 1; not expected)
2026-02-20 21:04:03,472 INFO spawned: 'reverb' with pid 308
2026-02-20 21:04:04,520 INFO success: reverb entered RUNNING state, process has stayed up for > than 1 seconds (startsecs)
2026-02-20 21:04:04,521 WARN exited: reverb (exit status 1; not expected)
2026-02-20 21:04:05,533 INFO spawned: 'reverb' with pid 309
2026-02-20 21:04:06,582 INFO success: reverb entered RUNNING state, process has stayed up for > than 1 seconds (startsecs)
2026-02-20 21:04:06,584 WARN exited: reverb (exit status 1; not expected)
2026-02-20 21:04:07,596 INFO spawned: 'reverb' with pid 310
2026-02-20 21:04:08,648 INFO success: reverb entered RUNNING state, process has stayed up for > than 1 seconds (startsecs)
2026-02-20 21:04:08,649 WARN exited: reverb (exit status 1; not expected)
2026-02-20 21:04:09,660 INFO spawned: 'reverb' with pid 311
2026-02-20 21:04:10,712 INFO success: reverb entered RUNNING state, process has stayed up for > than 1 seconds (startsecs)
2026-02-20 21:04:10,713 WARN exited: reverb (exit status 1; not expected)
2026-02-20 21:04:11,723 INFO spawned: 'reverb' with pid 312
2026-02-20 21:04:12,775 INFO success: reverb entered RUNNING state, process has stayed up for > than 1 seconds (startsecs)
2026-02-20 21:04:12,776 WARN exited: reverb (exit status 1; not expected)
2026-02-20 21:04:13,791 INFO spawned: 'reverb' with pid 313
2026-02-20 21:04:14,832 INFO success: reverb entered RUNNING state, process has stayed up for > than 1 seconds (startsecs)
2026-02-20 21:04:14,833 WARN exited: reverb (exit status 1; not expected)
2026-02-20 21:04:15,844 INFO spawned: 'reverb' with pid 314
2026-02-20 21:04:16,892 INFO success: reverb entered RUNNING state, process has stayed up for > than 1 seconds (startsecs)
2026-02-20 21:04:16,893 WARN exited: reverb (exit status 1; not expected)
2026-02-20 21:04:17,904 INFO spawned: 'reverb' with pid 315
2026-02-20 21:04:18,954 INFO success: reverb entered RUNNING state, process has stayed up for > than 1 seconds (startsecs)
2026-02-20 21:04:18,954 WARN exited: reverb (exit status 1; not expected)
2026-02-20 21:04:19,964 INFO spawned: 'reverb' with pid 316
2026-02-20 21:04:21,012 INFO success: reverb entered RUNNING state, process has stayed up for > than 1 seconds (startsecs)
2026-02-20 21:04:21,013 WARN exited: reverb (exit status 1; not expected)
2026-02-20 21:04:22,042 INFO spawned: 'reverb' with pid 317
2026-02-20 21:04:23,101 INFO success: reverb entered RUNNING state, process has stayed up for > than 1 seconds (startsecs)
2026-02-20 21:04:23,102 WARN exited: reverb (exit status 1; not expected)
2026-02-20 21:04:24,117 INFO spawned: 'reverb' with pid 318
2026-02-20 21:04:25,165 INFO success: reverb entered RUNNING state, process has stayed up for > than 1 seconds (startsecs)
2026-02-20 21:04:25,166 WARN exited: reverb (exit status 1; not expected)
2026-02-20 21:04:26,175 INFO spawned: 'reverb' with pid 319
2026-02-20 21:04:27,228 INFO success: reverb entered RUNNING state, process has stayed up for > than 1 seconds (startsecs)
2026-02-20 21:04:27,229 WARN exited: reverb (exit status 1; not expected)
2026-02-20 21:04:28,239 INFO spawned: 'reverb' with pid 320
2026-02-20 21:04:29,300 INFO success: reverb entered RUNNING state, process has stayed up for > than 1 seconds (startsecs)
2026-02-20 21:04:29,301 WARN exited: reverb (exit status 1; not expected)
2026-02-20 21:04:30,317 INFO spawned: 'reverb' with pid 321
2026-02-20 21:04:31,372 INFO success: reverb entered RUNNING state, process has stayed up for > than 1 seconds (startsecs)
2026-02-20 21:04:31,372 WARN exited: reverb (exit status 1; not expected)
2026-02-20 21:04:32,385 INFO spawned: 'reverb' with pid 322
2026-02-20 21:04:33,436 INFO success: reverb entered RUNNING state, process has stayed up for > than 1 seconds (startsecs)
2026-02-20 21:04:33,437 WARN exited: reverb (exit status 1; not expected)
2026-02-20 21:04:34,447 INFO spawned: 'reverb' with pid 323
2026-02-20 21:04:35,495 INFO success: reverb entered RUNNING state, process has stayed up for > than 1 seconds (startsecs)
2026-02-20 21:04:35,496 WARN exited: reverb (exit status 1; not expected)
2026-02-20 21:04:36,503 INFO spawned: 'reverb' with pid 324
2026-02-20 21:04:37,551 INFO success: reverb entered RUNNING state, process has stayed up for > than 1 seconds (startsecs)
2026-02-20 21:04:37,551 WARN exited: reverb (exit status 1; not expected)
2026-02-20 21:04:38,557 INFO spawned: 'reverb' with pid 325
2026-02-20 21:04:39,592 INFO success: reverb entered RUNNING state, process has stayed up for > than 1 seconds (startsecs)
2026-02-20 21:04:39,592 WARN exited: reverb (exit status 1; not expected)
2026-02-20 21:04:40,600 INFO spawned: 'reverb' with pid 326
2026-02-20 21:04:41,643 INFO success: reverb entered RUNNING state, process has stayed up for > than 1 seconds (startsecs)
2026-02-20 21:04:41,644 WARN exited: reverb (exit status 1; not expected)
2026-02-20 21:04:42,650 INFO spawned: 'reverb' with pid 327
2026-02-20 21:04:43,690 INFO success: reverb entered RUNNING state, process has stayed up for > than 1 seconds (startsecs)
2026-02-20 21:04:43,691 WARN exited: reverb (exit status 1; not expected)
2026-02-20 21:04:44,698 INFO spawned: 'reverb' with pid 328
2026-02-20 21:04:45,748 INFO success: reverb entered RUNNING state, process has stayed up for > than 1 seconds (startsecs)
2026-02-20 21:04:45,749 WARN exited: reverb (exit status 1; not expected)
2026-02-20 21:04:46,755 INFO spawned: 'reverb' with pid 329
2026-02-20 21:04:47,787 INFO success: reverb entered RUNNING state, process has stayed up for > than 1 seconds (startsecs)
2026-02-20 21:04:47,789 WARN exited: reverb (exit status 1; not expected)
2026-02-20 21:04:48,800 INFO spawned: 'reverb' with pid 330
2026-02-20 21:04:49,847 INFO success: reverb entered RUNNING state, process has stayed up for > than 1 seconds (startsecs)
2026-02-20 21:04:49,849 WARN exited: reverb (exit status 1; not expected)
2026-02-20 21:04:50,856 INFO spawned: 'reverb' with pid 331
2026-02-20 21:04:51,899 INFO success: reverb entered RUNNING state, process has stayed up for > than 1 seconds (startsecs)
2026-02-20 21:04:51,900 WARN exited: reverb (exit status 1; not expected)
2026-02-20 21:04:52,908 INFO spawned: 'reverb' with pid 332
2026-02-20 21:04:53,957 INFO success: reverb entered RUNNING state, process has stayed up for > than 1 seconds (startsecs)
2026-02-20 21:04:53,958 WARN exited: reverb (exit status 1; not expected)
2026-02-20 21:04:54,967 INFO spawned: 'reverb' with pid 333
2026-02-20 21:04:56,012 INFO success: reverb entered RUNNING state, process has stayed up for > than 1 seconds (startsecs)
2026-02-20 21:04:56,013 WARN exited: reverb (exit status 1; not expected)
2026-02-20 21:04:57,024 INFO spawned: 'reverb' with pid 334
2026-02-20 21:04:58,069 INFO success: reverb entered RUNNING state, process has stayed up for > than 1 seconds (startsecs)
2026-02-20 21:04:58,069 WARN exited: reverb (exit status 1; not expected)
2026-02-20 21:04:59,080 INFO spawned: 'reverb' with pid 335
2026-02-20 21:05:00,129 INFO success: reverb entered RUNNING state, process has stayed up for > than 1 seconds (startsecs)
2026-02-20 21:05:00,130 WARN exited: reverb (exit status 1; not expected)
2026-02-20 21:05:01,136 INFO spawned: 'reverb' with pid 336
2026-02-20 21:05:02,186 INFO success: reverb entered RUNNING state, process has stayed up for > than 1 seconds (startsecs)
2026-02-20 21:05:02,187 WARN exited: reverb (exit status 1; not expected)
2026-02-20 21:05:03,206 INFO spawned: 'reverb' with pid 337
2026-02-20 21:05:04,238 INFO success: reverb entered RUNNING state, process has stayed up for > than 1 seconds (startsecs)
2026-02-20 21:05:04,239 WARN exited: reverb (exit status 1; not expected)
2026-02-20 21:05:05,251 INFO spawned: 'reverb' with pid 338
2026-02-20 21:05:06,313 INFO success: reverb entered RUNNING state, process has stayed up for > than 1 seconds (startsecs)
2026-02-20 21:05:06,316 WARN exited: reverb (exit status 1; not expected)
2026-02-20 21:05:07,327 INFO spawned: 'reverb' with pid 339
2026-02-20 21:05:08,383 INFO success: reverb entered RUNNING state, process has stayed up for > than 1 seconds (startsecs)
2026-02-20 21:05:08,385 WARN exited: reverb (exit status 1; not expected)
2026-02-20 21:05:09,392 INFO spawned: 'reverb' with pid 340
2026-02-20 21:05:10,428 INFO success: reverb entered RUNNING state, process has stayed up for > than 1 seconds (startsecs)
2026-02-20 21:05:10,429 WARN exited: reverb (exit status 1; not expected)
2026-02-20 21:05:11,441 INFO spawned: 'reverb' with pid 341
2026-02-20 21:05:12,485 INFO success: reverb entered RUNNING state, process has stayed up for > than 1 seconds (startsecs)
2026-02-20 21:05:12,486 WARN exited: reverb (exit status 1; not expected)
2026-02-20 21:05:13,501 INFO spawned: 'reverb' with pid 342
2026-02-20 21:05:14,554 INFO success: reverb entered RUNNING state, process has stayed up for > than 1 seconds (startsecs)
2026-02-20 21:05:14,554 WARN exited: reverb (exit status 1; not expected)
2026-02-20 21:05:15,567 INFO spawned: 'reverb' with pid 343
2026-02-20 21:05:16,614 INFO success: reverb entered RUNNING state, process has stayed up for > than 1 seconds (startsecs)
2026-02-20 21:05:16,615 WARN exited: reverb (exit status 1; not expected)
2026-02-20 21:05:17,627 INFO spawned: 'reverb' with pid 344
2026-02-20 21:05:18,676 INFO success: reverb entered RUNNING state, process has stayed up for > than 1 seconds (startsecs)
2026-02-20 21:05:18,677 WARN exited: reverb (exit status 1; not expected)
2026-02-20 21:05:19,691 INFO spawned: 'reverb' with pid 345
2026-02-20 21:05:20,733 INFO success: reverb entered RUNNING state, process has stayed up for > than 1 seconds (startsecs)
2026-02-20 21:05:20,734 WARN exited: reverb (exit status 1; not expected)
2026-02-20 21:05:21,746 INFO spawned: 'reverb' with pid 346
2026-02-20 21:05:22,796 INFO success: reverb entered RUNNING state, process has stayed up for > than 1 seconds (startsecs)
2026-02-20 21:05:22,797 WARN exited: reverb (exit status 1; not expected)
2026-02-20 21:05:23,806 INFO spawned: 'reverb' with pid 347
2026-02-20 21:05:24,853 INFO success: reverb entered RUNNING state, process has stayed up for > than 1 seconds (startsecs)
2026-02-20 21:05:24,854 WARN exited: reverb (exit status 1; not expected)
2026-02-20 21:05:25,862 INFO spawned: 'reverb' with pid 348
2026-02-20 21:05:26,897 INFO success: reverb entered RUNNING state, process has stayed up for > than 1 seconds (startsecs)
2026-02-20 21:05:26,898 WARN exited: reverb (exit status 1; not expected)
2026-02-20 21:05:27,908 INFO spawned: 'reverb' with pid 349
2026-02-20 21:05:28,953 INFO success: reverb entered RUNNING state, process has stayed up for > than 1 seconds (startsecs)
2026-02-20 21:05:28,953 WARN exited: reverb (exit status 1; not expected)
2026-02-20 21:05:29,960 INFO spawned: 'reverb' with pid 350
2026-02-20 21:05:30,995 INFO success: reverb entered RUNNING state, process has stayed up for > than 1 seconds (startsecs)
2026-02-20 21:05:30,996 WARN exited: reverb (exit status 1; not expected)
2026-02-20 21:05:32,001 INFO spawned: 'reverb' with pid 351
2026-02-20 21:05:33,037 INFO success: reverb entered RUNNING state, process has stayed up for > than 1 seconds (startsecs)
2026-02-20 21:05:33,038 WARN exited: reverb (exit status 1; not expected)
2026-02-20 21:05:34,042 INFO spawned: 'reverb' with pid 352
2026-02-20 21:05:35,079 INFO success: reverb entered RUNNING state, process has stayed up for > than 1 seconds (startsecs)
2026-02-20 21:05:35,080 WARN exited: reverb (exit status 1; not expected)
2026-02-20 21:05:36,090 INFO spawned: 'reverb' with pid 353
2026-02-20 21:05:37,141 INFO success: reverb entered RUNNING state, process has stayed up for > than 1 seconds (startsecs)
2026-02-20 21:05:37,142 WARN exited: reverb (exit status 1; not expected)
2026-02-20 21:05:38,154 INFO spawned: 'reverb' with pid 354
2026-02-20 21:05:39,215 INFO success: reverb entered RUNNING state, process has stayed up for > than 1 seconds (startsecs)
2026-02-20 21:05:39,217 WARN exited: reverb (exit status 1; not expected)
2026-02-20 21:05:40,228 INFO spawned: 'reverb' with pid 355
2026-02-20 21:05:41,278 INFO success: reverb entered RUNNING state, process has stayed up for > than 1 seconds (startsecs)
2026-02-20 21:05:41,279 WARN exited: reverb (exit status 1; not expected)
2026-02-20 21:05:42,288 INFO spawned: 'reverb' with pid 356
2026-02-20 21:05:43,324 INFO success: reverb entered RUNNING state, process has stayed up for > than 1 seconds (startsecs)
2026-02-20 21:05:43,325 WARN exited: reverb (exit status 1; not expected)
2026-02-20 21:05:44,336 INFO spawned: 'reverb' with pid 357
2026-02-20 21:05:45,380 INFO success: reverb entered RUNNING state, process has stayed up for > than 1 seconds (startsecs)
2026-02-20 21:05:45,381 WARN exited: reverb (exit status 1; not expected)
2026-02-20 21:05:46,391 INFO spawned: 'reverb' with pid 358
2026-02-20 21:05:47,437 INFO success: reverb entered RUNNING state, process has stayed up for > than 1 seconds (startsecs)
2026-02-20 21:05:47,439 WARN exited: reverb (exit status 1; not expected)
2026-02-20 21:05:48,446 INFO spawned: 'reverb' with pid 359
2026-02-20 21:05:49,495 INFO success: reverb entered RUNNING state, process has stayed up for > than 1 seconds (startsecs)
2026-02-20 21:05:49,496 WARN exited: reverb (exit status 1; not expected)
2026-02-20 21:05:50,506 INFO spawned: 'reverb' with pid 360
2026-02-20 21:05:51,554 INFO success: reverb entered RUNNING state, process has stayed up for > than 1 seconds (startsecs)
2026-02-20 21:05:51,555 WARN exited: reverb (exit status 1; not expected)
2026-02-20 21:05:52,567 INFO spawned: 'reverb' with pid 361
2026-02-20 21:05:52,608 WARN exited: reverb (exit status 1; not expected)
2026-02-20 21:05:53,617 INFO spawned: 'reverb' with pid 362
2026-02-20 21:05:54,670 INFO success: reverb entered RUNNING state, process has stayed up for > than 1 seconds (startsecs)
2026-02-20 21:05:54,671 WARN exited: reverb (exit status 1; not expected)
2026-02-20 21:05:55,679 INFO spawned: 'reverb' with pid 363
2026-02-20 21:05:56,719 INFO success: reverb entered RUNNING state, process has stayed up for > than 1 seconds (startsecs)
2026-02-20 21:05:56,719 WARN exited: reverb (exit status 1; not expected)
2026-02-20 21:05:57,727 INFO spawned: 'reverb' with pid 364
2026-02-20 21:05:58,770 INFO success: reverb entered RUNNING state, process has stayed up for > than 1 seconds (startsecs)
2026-02-20 21:05:58,771 WARN exited: reverb (exit status 1; not expected)
2026-02-20 21:05:59,782 INFO spawned: 'reverb' with pid 365
2026-02-20 21:06:00,831 INFO success: reverb entered RUNNING state, process has stayed up for > than 1 seconds (startsecs)
2026-02-20 21:06:00,832 WARN exited: reverb (exit status 1; not expected)
2026-02-20 21:06:01,840 INFO spawned: 'reverb' with pid 366
2026-02-20 21:06:02,889 INFO success: reverb entered RUNNING state, process has stayed up for > than 1 seconds (startsecs)
2026-02-20 21:06:02,890 WARN exited: reverb (exit status 1; not expected)
2026-02-20 21:06:03,902 INFO spawned: 'reverb' with pid 367
2026-02-20 21:06:04,955 INFO success: reverb entered RUNNING state, process has stayed up for > than 1 seconds (startsecs)
2026-02-20 21:06:04,956 WARN exited: reverb (exit status 1; not expected)
2026-02-20 21:06:05,964 INFO spawned: 'reverb' with pid 368
2026-02-20 21:06:06,996 INFO success: reverb entered RUNNING state, process has stayed up for > than 1 seconds (startsecs)
2026-02-20 21:06:06,997 WARN exited: reverb (exit status 1; not expected)
2026-02-20 21:06:08,010 INFO spawned: 'reverb' with pid 369
2026-02-20 21:06:09,064 INFO success: reverb entered RUNNING state, process has stayed up for > than 1 seconds (startsecs)
2026-02-20 21:06:09,067 WARN exited: reverb (exit status 1; not expected)
2026-02-20 21:06:10,081 INFO spawned: 'reverb' with pid 370
2026-02-20 21:06:11,125 INFO success: reverb entered RUNNING state, process has stayed up for > than 1 seconds (startsecs)
2026-02-20 21:06:11,125 WARN exited: reverb (exit status 1; not expected)
2026-02-20 21:06:12,135 INFO spawned: 'reverb' with pid 371
2026-02-20 21:06:13,182 INFO success: reverb entered RUNNING state, process has stayed up for > than 1 seconds (startsecs)
2026-02-20 21:06:13,195 WARN exited: reverb (exit status 1; not expected)
2026-02-20 21:06:14,201 INFO spawned: 'reverb' with pid 372
2026-02-20 21:06:15,248 INFO success: reverb entered RUNNING state, process has stayed up for > than 1 seconds (startsecs)
2026-02-20 21:06:15,250 WARN exited: reverb (exit status 1; not expected)
2026-02-20 21:06:16,262 INFO spawned: 'reverb' with pid 373
2026-02-20 21:06:17,313 INFO success: reverb entered RUNNING state, process has stayed up for > than 1 seconds (startsecs)
2026-02-20 21:06:17,314 WARN exited: reverb (exit status 1; not expected)
2026-02-20 21:06:18,326 INFO spawned: 'reverb' with pid 374
2026-02-20 21:06:19,366 INFO success: reverb entered RUNNING state, process has stayed up for > than 1 seconds (startsecs)
2026-02-20 21:06:19,367 WARN exited: reverb (exit status 1; not expected)
2026-02-20 21:06:20,377 INFO spawned: 'reverb' with pid 375
2026-02-20 21:06:21,419 INFO success: reverb entered RUNNING state, process has stayed up for > than 1 seconds (startsecs)
2026-02-20 21:06:21,420 WARN exited: reverb (exit status 1; not expected)
2026-02-20 21:06:22,426 INFO spawned: 'reverb' with pid 376
2026-02-20 21:06:23,469 INFO success: reverb entered RUNNING state, process has stayed up for > than 1 seconds (startsecs)
2026-02-20 21:06:23,469 WARN exited: reverb (exit status 1; not expected)
2026-02-20 21:06:24,478 INFO spawned: 'reverb' with pid 377
2026-02-20 21:06:25,512 INFO success: reverb entered RUNNING state, process has stayed up for > than 1 seconds (startsecs)
2026-02-20 21:06:25,513 WARN exited: reverb (exit status 1; not expected)
2026-02-20 21:06:26,521 INFO spawned: 'reverb' with pid 378
2026-02-20 21:06:27,559 INFO success: reverb entered RUNNING state, process has stayed up for > than 1 seconds (startsecs)
2026-02-20 21:06:27,560 WARN exited: reverb (exit status 1; not expected)
2026-02-20 21:06:28,570 INFO spawned: 'reverb' with pid 379
2026-02-20 21:06:29,608 INFO success: reverb entered RUNNING state, process has stayed up for > than 1 seconds (startsecs)
2026-02-20 21:06:29,608 WARN exited: reverb (exit status 1; not expected)
2026-02-20 21:06:30,617 INFO spawned: 'reverb' with pid 380
2026-02-20 21:06:31,650 INFO success: reverb entered RUNNING state, process has stayed up for > than 1 seconds (startsecs)
2026-02-20 21:06:31,651 WARN exited: reverb (exit status 1; not expected)
2026-02-20 21:06:32,658 INFO spawned: 'reverb' with pid 381
2026-02-20 21:06:33,694 INFO success: reverb entered RUNNING state, process has stayed up for > than 1 seconds (startsecs)
2026-02-20 21:06:33,695 WARN exited: reverb (exit status 1; not expected)
2026-02-20 21:06:34,705 INFO spawned: 'reverb' with pid 382
2026-02-20 21:06:35,745 INFO success: reverb entered RUNNING state, process has stayed up for > than 1 seconds (startsecs)
2026-02-20 21:06:35,745 WARN exited: reverb (exit status 1; not expected)
2026-02-20 21:06:36,759 INFO spawned: 'reverb' with pid 383
2026-02-20 21:06:37,814 INFO success: reverb entered RUNNING state, process has stayed up for > than 1 seconds (startsecs)
2026-02-20 21:06:37,815 WARN exited: reverb (exit status 1; not expected)
2026-02-20 21:06:38,848 INFO spawned: 'reverb' with pid 384
2026-02-20 21:06:39,871 INFO success: reverb entered RUNNING state, process has stayed up for > than 1 seconds (startsecs)
2026-02-20 21:06:39,872 WARN exited: reverb (exit status 1; not expected)
2026-02-20 21:06:40,881 INFO spawned: 'reverb' with pid 385
2026-02-20 21:06:41,933 INFO success: reverb entered RUNNING state, process has stayed up for > than 1 seconds (startsecs)
2026-02-20 21:06:41,934 WARN exited: reverb (exit status 1; not expected)
2026-02-20 21:06:42,950 INFO spawned: 'reverb' with pid 386
2026-02-20 21:06:44,006 INFO success: reverb entered RUNNING state, process has stayed up for > than 1 seconds (startsecs)
2026-02-20 21:06:44,009 WARN exited: reverb (exit status 1; not expected)
2026-02-20 21:06:45,021 INFO spawned: 'reverb' with pid 387
2026-02-20 21:06:46,076 INFO success: reverb entered RUNNING state, process has stayed up for > than 1 seconds (startsecs)
2026-02-20 21:06:46,080 WARN exited: reverb (exit status 1; not expected)
2026-02-20 21:06:47,091 INFO spawned: 'reverb' with pid 388
2026-02-20 21:06:48,145 INFO success: reverb entered RUNNING state, process has stayed up for > than 1 seconds (startsecs)
2026-02-20 21:06:48,147 WARN exited: reverb (exit status 1; not expected)
2026-02-20 21:06:49,160 INFO spawned: 'reverb' with pid 389
2026-02-20 21:06:50,211 INFO success: reverb entered RUNNING state, process has stayed up for > than 1 seconds (startsecs)
2026-02-20 21:06:50,211 WARN exited: reverb (exit status 1; not expected)
2026-02-20 21:06:51,223 INFO spawned: 'reverb' with pid 390
2026-02-20 21:06:52,278 INFO success: reverb entered RUNNING state, process has stayed up for > than 1 seconds (startsecs)
2026-02-20 21:06:52,279 WARN exited: reverb (exit status 1; not expected)
2026-02-20 21:06:53,289 INFO spawned: 'reverb' with pid 391
2026-02-20 21:06:54,336 INFO success: reverb entered RUNNING state, process has stayed up for > than 1 seconds (startsecs)
2026-02-20 21:06:54,336 WARN exited: reverb (exit status 1; not expected)
2026-02-20 21:06:55,346 INFO spawned: 'reverb' with pid 392
2026-02-20 21:06:55,376 WARN exited: reverb (exit status 1; not expected)
2026-02-20 21:06:56,388 INFO spawned: 'reverb' with pid 393
2026-02-20 21:06:57,440 INFO success: reverb entered RUNNING state, process has stayed up for > than 1 seconds (startsecs)
2026-02-20 21:06:57,441 WARN exited: reverb (exit status 1; not expected)
2026-02-20 21:06:58,452 INFO spawned: 'reverb' with pid 394
2026-02-20 21:06:59,497 INFO success: reverb entered RUNNING state, process has stayed up for > than 1 seconds (startsecs)
2026-02-20 21:06:59,498 WARN exited: reverb (exit status 1; not expected)
2026-02-20 21:07:00,508 INFO spawned: 'reverb' with pid 395
2026-02-20 21:07:01,561 INFO success: reverb entered RUNNING state, process has stayed up for > than 1 seconds (startsecs)
2026-02-20 21:07:01,562 WARN exited: reverb (exit status 1; not expected)
2026-02-20 21:07:02,573 INFO spawned: 'reverb' with pid 396
2026-02-20 21:07:02,616 WARN exited: reverb (exit status 1; not expected)
2026-02-20 21:07:03,625 INFO spawned: 'reverb' with pid 397
2026-02-20 21:07:04,676 INFO success: reverb entered RUNNING state, process has stayed up for > than 1 seconds (startsecs)
2026-02-20 21:07:04,677 WARN exited: reverb (exit status 1; not expected)
2026-02-20 21:07:05,691 INFO spawned: 'reverb' with pid 398
2026-02-20 21:07:06,741 INFO success: reverb entered RUNNING state, process has stayed up for > than 1 seconds (startsecs)
2026-02-20 21:07:06,742 WARN exited: reverb (exit status 1; not expected)
2026-02-20 21:07:07,754 INFO spawned: 'reverb' with pid 399
2026-02-20 21:07:08,798 INFO success: reverb entered RUNNING state, process has stayed up for > than 1 seconds (startsecs)
2026-02-20 21:07:08,799 WARN exited: reverb (exit status 1; not expected)
2026-02-20 21:07:09,813 INFO spawned: 'reverb' with pid 400
2026-02-20 21:07:10,860 INFO success: reverb entered RUNNING state, process has stayed up for > than 1 seconds (startsecs)
2026-02-20 21:07:10,862 WARN exited: reverb (exit status 1; not expected)
2026-02-20 21:07:11,870 INFO spawned: 'reverb' with pid 401
2026-02-20 21:07:12,925 INFO success: reverb entered RUNNING state, process has stayed up for > than 1 seconds (startsecs)
2026-02-20 21:07:12,925 WARN exited: reverb (exit status 1; not expected)
2026-02-20 21:07:13,932 INFO spawned: 'reverb' with pid 402
2026-02-20 21:07:14,978 INFO success: reverb entered RUNNING state, process has stayed up for > than 1 seconds (startsecs)
2026-02-20 21:07:14,979 WARN exited: reverb (exit status 1; not expected)
2026-02-20 21:07:15,986 INFO spawned: 'reverb' with pid 403
2026-02-20 21:07:17,032 INFO success: reverb entered RUNNING state, process has stayed up for > than 1 seconds (startsecs)
2026-02-20 21:07:17,033 WARN exited: reverb (exit status 1; not expected)
2026-02-20 21:07:18,048 INFO spawned: 'reverb' with pid 404
2026-02-20 21:07:19,086 INFO success: reverb entered RUNNING state, process has stayed up for > than 1 seconds (startsecs)
2026-02-20 21:07:19,087 WARN exited: reverb (exit status 1; not expected)
2026-02-20 21:07:20,099 INFO spawned: 'reverb' with pid 405
2026-02-20 21:07:21,150 INFO success: reverb entered RUNNING state, process has stayed up for > than 1 seconds (startsecs)
2026-02-20 21:07:21,151 WARN exited: reverb (exit status 1; not expected)
2026-02-20 21:07:22,165 INFO spawned: 'reverb' with pid 406
2026-02-20 21:07:23,224 INFO success: reverb entered RUNNING state, process has stayed up for > than 1 seconds (startsecs)
2026-02-20 21:07:23,225 WARN exited: reverb (exit status 1; not expected)
2026-02-20 21:07:24,234 INFO spawned: 'reverb' with pid 407
2026-02-20 21:07:25,280 INFO success: reverb entered RUNNING state, process has stayed up for > than 1 seconds (startsecs)
2026-02-20 21:07:25,283 WARN exited: reverb (exit status 1; not expected)
